[INFO] [2021-02-01 20:08:01,291 +0900] - UnifiedAgent version (pluginVersion) : 21.1.1
[INFO] [2021-02-01 20:08:01,526 +0900[ - 
------------------------------------------------------------------------
-------------------- Start: Fetch Configuration ------------------------
------------------------------------------------------------------------
[INFO] [2021-02-01 20:08:01,527 +0900[ - 
------------------------------------------------------------------------
-------------------- End: Fetch Configuration --------------------------
------------------------------------------------------------------------
[INFO] [2021-02-01 20:08:01,549 +0900[ - 
##### general #####
wss.url=https://app-eu.whitesourcesoftware.com/agent
projectTag=
projectName=Cordova-2
includes=**/*.c,**/*.cc,**/*.cp,**/*.cpp,**/*.cxx,**/*.c++,**/*.h,**/*.hpp,**/*.hxx
forceUpdate.failBuildOnPolicyViolation=false
forceUpdate=false
forceCheckAllDependencies=false
excludes=**/*sources.jar,**/*javadoc.jar
configFilePath=wss-unified-agent.config
checkPolicies=false
apiKey=******
#whiteSourceFolderPath=.
#userKey=
#updateType=OVERRIDE
#updateInventory=true
#updateEmptyProject=true
#scanReportTimeoutMinutes=10
#scanReportFilenameFormat=project_with_timestamp
#scanPackageManager=false
#scanComment=
#resolveAllDependencies=true
#requireKnownSha1=true
#requesterEmail=
#recommendationDetector=false
#projectVersion=
#projectToken=
#projectPerFolderIncludes=*
#projectPerFolderExcludes=
#projectPerFolder=false
#productVersion=
#productToken=
#productName=
#offline.zip=false
#offline.prettyJson=true
#offline=false
#log.level=info
#ignoreSourceFiles=false
#iaLanguage=
#generateScanReport=false
#generateProjectDetailsJson=false
#failErrorLevel=DEFAULT
#excludeDependenciesFromNodes=
#euaVul=euaVul.json
#euaRes=euaRes.json
#euaOffline=
#euaDep=euaDep.json
#enableImpactAnalysis=false
#appPath=
#analyzeMultiModule=
#analyzeFrameworksReference=analyzeFrameworks.txt
#analyzeFrameworks=false

#####  #####
#ignoreEuaNotices=informational

##### ANT #####
#ant.resolveDependencies=true
#ant.pathIdIncludes=
#ant.external.parameters=

##### archive #####
#archiveIncludes=
#archiveExtractionDepth=0
#archiveExcludes=

##### artifactory #####
#artifactory.userPassword=
#artifactory.userName=
#artifactory.url=
#artifactory.repoKeys=
#artifactory.includes=.*.*
#artifactory.excludes=
#artifactory.enableScan=false
#artifactory.accessToken=

##### bazel #####
#bazel.runPreStep=false
#bazel.resolveDependencies=true

##### bower #####
#bower.runPreStep=false
#bower.resolveDependencies=true
#bower.ignoreSourceFiles=false

##### cabal #####
#haskell.runPreStep=false
#haskell.resolveDependencies=true
#haskell.ignoreSourceFiles=true
#haskell.ignorePreStepErrors=false

##### cargo #####
#cargo.runPreStep=false
#cargo.resolveDependencies=true
#cargo.ignoreSourceFiles=true

##### cocoapods #####
#cocoapods.runPreStep=false
#cocoapods.resolveDependencies=true
#cocoapods.ignoreSourceFiles=true

##### docker #####
#docker.scanTarFiles=false
#docker.scanImages=false
#docker.scanContainers=false
#docker.scan.maxImages=0
#docker.pull.tags=
#docker.pull.maxImages=10
#docker.pull.images=
#docker.pull.force=false
#docker.pull.enable=false
#docker.pull.digest=
#docker.projectNameFormat=default
#docker.login.sudo=true
#docker.layers=false
#docker.includes=.*.*
#docker.includeSingleScan=
#docker.excludes=
#docker.delete.force=false
#docker.containerIncludes=.*.*
#docker.containerExcludes=

##### docker artifactory #####
#docker.artifactory.userPassword=
#docker.artifactory.userName=
#docker.artifactory.url=
#docker.artifactory.repositoriesNames=
#docker.artifactory.pullUrl=
#docker.artifactory.enable=false
#docker.artifactory.dockerAccessMethod= 

##### docker aws #####
#docker.aws.registryIds=
#docker.aws.region=east
#docker.aws.enable=false

##### docker azure #####
#docker.azure.userPassword=
#docker.azure.userName=
#docker.azure.registryNames=
#docker.azure.registryAuthenticationParameters=
#docker.azure.enable=false
#docker.azure.authenticationType=UserAccount

##### docker google containers #####
#docker.gcr.repositories=
#docker.gcr.enable=false
#docker.gcr.account=

##### docker hub #####
#docker.hub.userPassword=
#docker.hub.userName=
#docker.hub.organizationsNames=
#docker.hub.enabled=false
#docker.hub.accessToken=

##### environment #####
followSymbolicLinks=true
case.sensitive.glob=false

##### go #####
#go.resolveDependencies=true
#go.ignoreSourceFiles=false
#go.gogradle.enableTaskAlias=false
#go.glide.ignoreTestPackages=true
#go.dependencyManager=
#go.collectDependenciesAtRuntime=false

##### gradle #####
#gradle.wrapperPath=
#gradle.runPreStep=false
#gradle.runAssembleCommand=true
#gradle.resolveDependencies=true
#gradle.preferredEnvironment=gradle
#gradle.multiModule.applyProjectVersion=false
#gradle.localRepositoryPath=
#gradle.includedScopes=
#gradle.includedConfigurations=
#gradle.includeModules=
#gradle.ignoredScopes=
#gradle.ignoredConfigurations=
#gradle.ignoreSourceFiles=false
#gradle.excludeModules=
#gradle.downloadMissingDependencies=true
#gradle.aggregateModules=false
#gradle.additionalArguments=

##### hex #####
#hex.runPreStep=false
#hex.resolveDependencies=true
#hex.ignoreSourceFiles=true
#hex.aggregateModules=false

##### html #####
#html.resolveDependencies=true

##### maven #####
#maven.runPreStep=false
#maven.resolveDependencies=true
#maven.projectNameFromDependencyFile=false
#maven.multiModule.applyProjectVersion=false
#maven.maxCacheFolderSize=
#maven.m2RepositoryPath=
#maven.ignoredScopes=provided,test
#maven.ignoreSourceFiles=false
#maven.ignorePomModules=true
#maven.ignoreMvnTreeErrors=false
#maven.environmentPath=
#maven.downloadMissingDependencies=true
#maven.aggregateModules=false
#maven.additionalArguments=

##### npm #####
#npm.yarnProject=false
#npm.yarn.frozenLockfile=false
#npm.timeoutDependenciesCollectorInSeconds=60
#npm.runPreStep=false
#npm.resolveMainPackageJsonOnly=false
#npm.resolveLockFile=true
#npm.resolveGlobalPackages=false
#npm.resolveDependencies=true
#npm.resolveAdditionalDependencies=false
#npm.removeDuplicateDependencies=true
#npm.projectNameFromDependencyFile=false
#npm.includeDevDependencies=false
#npm.ignoreSourceFiles=true
#npm.ignoreScripts=false
#npm.ignoreNpmLsErrors=false
#npm.ignoreJavaScriptFiles=true
#npm.ignoreDirectoryPatterns=example,examples,.ws_bower,test
#npm.identifyByNameAndVersion=false
#npm.failOnNpmLsErrors=
#npm.accessToken=

##### nuget #####
#nuget.runPreStep=false
#nuget.restoreDependencies=false
#nuget.resolvePackagesConfigFiles=true
#nuget.resolveNuspecFiles=true
#nuget.resolveDependencies=true
#nuget.resolveCsProjFiles=true
#nuget.resolveAssetsFiles=true
#nuget.preferredEnvironment=
#nuget.packagesDirectory=
#nuget.ignoreSourceFiles=true

##### ocaml #####
#ocaml.switchName=
#ocaml.runPreStep=false
#ocaml.resolveDependencies=true
#ocaml.ignoredScopes=with-test,with-doc
#ocaml.ignoreSourceFiles=false
#ocaml.aggregateModules=false

##### paket #####
#paket.runPreStep=false
#paket.resolveDependencies=true
#paket.ignoredGroups=
#paket.ignoreSourceFiles=true
#paket.exePath=

##### php #####
#php.runPreStep=false
#php.resolveDependencies=true
#php.removeDuplicateDependencies=false
#php.includeDevDependencies=false
#php.ignoreSourceFiles=true

##### python #####
#python.runPoetryPreStep=false
#python.runPipenvPreStep=false
#python.resolveSetupPyFiles=false
#python.resolvePipEditablePackages=false
#python.resolveHierarchyTree=true
#python.resolveGlobalPackages=false
#python.resolveDependencies=true
#python.requirementsFileIncludes=
#python.pipenvDevDependencies=false
#python.pipPath=pip
#python.path=python
#python.localPackagePathsToInstall=
#python.isEmptyEnvironment=false
#python.installVirtualenv=false
#python.indexUrl=
#python.includePoetryDevDependencies=false
#python.ignoreSourceFiles=true
#python.ignorePipInstallErrors=false
#python.IgnorePipenvInstallErrors=false

##### r_language #####
#r.runPreStep=false
#r.resolveDependencies=true
#r.packageManager=packrat
#r.ignoreSourceFiles=true
#r.cranMirrorUrl=

##### ruby #####
#ruby.runBundleInstall=false
#ruby.resolveDependencies=true
#ruby.overwriteGemFile=false
#ruby.installMissingGems=false
#ruby.ignoreSourceFiles=true

##### sbt #####
#sbt.runPreStep=false
#sbt.resolveDependencies=true
#sbt.includedScopes=compile,runtime
#sbt.ignoreSourceFiles=false
#sbt.aggregateModules=false

##### scm #####
#scm.user=
#scm.url=
#scm.tag=
#scm.repositoriesFile=
#scm.ppk=
#scm.pass=
#scm.branch=

##### serverless #####
#serverless.scanFunctions=false
#serverless.region=
#serverless.provider=aws-lambda
#serverless.maxFunctions=10
#serverless.includes=
#serverless.excludes=

[WARN] [2021-02-01 20:08:02,535 +0900[ - Ivy cache '/home/forse/.ivy2/cache' not found
[DEBUG] [2021-02-01 20:08:02,544 +0900[ - Available processors (cores): 	1
Free memory (Mb): 	51
Max memory (Mb): 	199
Total memory (Mb): 	199
Used memory (Mb): 	147

[INFO] [2021-02-01 20:08:02,547 +0900[ - Starting analysis
[INFO] [2021-02-01 20:08:02,548 +0900[ - Scanning directories [/home/forse/hello] for package dependencies (may take a few minutes)
[INFO] [2021-02-01 20:08:02,548 +0900[ - Included file types: **/*.c,**/*.cc,**/*.cp,**/*.cpp,**/*.cxx,**/*.c++,**/*.h,**/*.hpp,**/*.hxx
[INFO] [2021-02-01 20:08:02,548 +0900[ - Excluded file types: **/*sources.jar,**/*javadoc.jar
[INFO] [2021-02-01 20:08:02,553 +0900[ - 
------------------------------------------------------------------------
-------------------- Start: Scan Files Matching Includes Pattern -------
------------------------------------------------------------------------
[DEBUG] [2021-02-01 20:08:02,553 +0900[ - Scanning /home/forse/hello
[DEBUG] [2021-02-01 20:08:02,564 +0900[ - Dependency file found location: /home/forse/hello/package.json
[DEBUG] [2021-02-01 20:08:02,565 +0900[ - Dependency file found location: /home/forse/hello/www/index.html
[DEBUG] [2021-02-01 20:08:02,592 +0900[ - Dependency file found location: /home/forse/hello/platforms/android/app/src/main/assets/www/index.html
[DEBUG] [2021-02-01 20:08:02,616 +0900[ - Dependency file found location: /home/forse/hello/platforms/android/app/build.gradle
[DEBUG] [2021-02-01 20:08:02,618 +0900[ - Dependency file found location: /home/forse/hello/platforms/android/CordovaLib/build.gradle
[DEBUG] [2021-02-01 20:08:02,638 +0900[ - Dependency file found location: /home/forse/hello/platforms/android/cordova/lib/plugin-build.gradle
[DEBUG] [2021-02-01 20:08:02,640 +0900[ - Dependency file found location: /home/forse/hello/platforms/android/build.gradle
[DEBUG] [2021-02-01 20:08:02,645 +0900[ - Dependency file found location: /home/forse/hello/node_modules/@nodelib/fs.stat/package.json
[DEBUG] [2021-02-01 20:08:02,667 +0900[ - Dependency file found location: /home/forse/hello/node_modules/@nodelib/fs.scandir/package.json
[DEBUG] [2021-02-01 20:08:02,684 +0900[ - Dependency file found location: /home/forse/hello/node_modules/@nodelib/fs.walk/package.json
[DEBUG] [2021-02-01 20:08:02,686 +0900[ - Dependency file found location: /home/forse/hello/node_modules/abbrev/package.json
[DEBUG] [2021-02-01 20:08:02,687 +0900[ - Dependency file found location: /home/forse/hello/node_modules/ansi/package.json
[DEBUG] [2021-02-01 20:08:02,688 +0900[ - Dependency file found location: /home/forse/hello/node_modules/assert-plus/package.json
[DEBUG] [2021-02-01 20:08:02,689 +0900[ - Dependency file found location: /home/forse/hello/node_modules/at-least-node/package.json
[DEBUG] [2021-02-01 20:08:02,689 +0900[ - Dependency file found location: /home/forse/hello/node_modules/balanced-match/package.json
[DEBUG] [2021-02-01 20:08:02,690 +0900[ - Dependency file found location: /home/forse/hello/node_modules/base64-js/package.json
[DEBUG] [2021-02-01 20:08:02,693 +0900[ - Dependency file found location: /home/forse/hello/node_modules/big-integer/package.json
[DEBUG] [2021-02-01 20:08:02,694 +0900[ - Dependency file found location: /home/forse/hello/node_modules/big-integer/bower.json
[DEBUG] [2021-02-01 20:08:02,694 +0900[ - Dependency file found location: /home/forse/hello/node_modules/bplist-parser/package.json
[DEBUG] [2021-02-01 20:08:02,695 +0900[ - Dependency file found location: /home/forse/hello/node_modules/concat-map/package.json
[DEBUG] [2021-02-01 20:08:02,696 +0900[ - Dependency file found location: /home/forse/hello/node_modules/brace-expansion/package.json
[DEBUG] [2021-02-01 20:08:02,696 +0900[ - Dependency file found location: /home/forse/hello/node_modules/dedent/package.json
[DEBUG] [2021-02-01 20:08:02,696 +0900[ - Dependency file found location: /home/forse/hello/node_modules/extsprintf/package.json
[DEBUG] [2021-02-01 20:08:02,720 +0900[ - Dependency file found location: /home/forse/hello/node_modules/fast-json-parse/package.json
[DEBUG] [2021-02-01 20:08:02,721 +0900[ - Dependency file found location: /home/forse/hello/node_modules/fs.realpath/package.json
[DEBUG] [2021-02-01 20:08:02,722 +0900[ - Dependency file found location: /home/forse/hello/node_modules/graceful-fs/package.json
[DEBUG] [2021-02-01 20:08:02,723 +0900[ - Dependency file found location: /home/forse/hello/node_modules/human-signals/package.json
[DEBUG] [2021-02-01 20:08:02,723 +0900[ - Dependency file found location: /home/forse/hello/node_modules/inherits/package.json
[DEBUG] [2021-02-01 20:08:02,724 +0900[ - Dependency file found location: /home/forse/hello/node_modules/is-extglob/package.json
[DEBUG] [2021-02-01 20:08:02,724 +0900[ - Dependency file found location: /home/forse/hello/node_modules/is-glob/package.json
[DEBUG] [2021-02-01 20:08:02,724 +0900[ - Dependency file found location: /home/forse/hello/node_modules/glob-parent/package.json
[DEBUG] [2021-02-01 20:08:02,724 +0900[ - Dependency file found location: /home/forse/hello/node_modules/is-number/package.json
[DEBUG] [2021-02-01 20:08:02,725 +0900[ - Dependency file found location: /home/forse/hello/node_modules/is-stream/package.json
[DEBUG] [2021-02-01 20:08:02,725 +0900[ - Dependency file found location: /home/forse/hello/node_modules/isexe/package.json
[DEBUG] [2021-02-01 20:08:02,726 +0900[ - Dependency file found location: /home/forse/hello/node_modules/jsonfile/package.json
[DEBUG] [2021-02-01 20:08:02,726 +0900[ - Dependency file found location: /home/forse/hello/node_modules/jsonfile/node_modules/universalify/package.json
[DEBUG] [2021-02-01 20:08:02,829 +0900[ - Dependency file found location: /home/forse/hello/node_modules/lodash/package.json
[DEBUG] [2021-02-01 20:08:02,830 +0900[ - Dependency file found location: /home/forse/hello/node_modules/@netflix/nerror/package.json
[DEBUG] [2021-02-01 20:08:02,830 +0900[ - Dependency file found location: /home/forse/hello/node_modules/merge-stream/package.json
[DEBUG] [2021-02-01 20:08:02,830 +0900[ - Dependency file found location: /home/forse/hello/node_modules/merge2/package.json
[DEBUG] [2021-02-01 20:08:02,830 +0900[ - Dependency file found location: /home/forse/hello/node_modules/mimic-fn/package.json
[DEBUG] [2021-02-01 20:08:02,831 +0900[ - Dependency file found location: /home/forse/hello/node_modules/minimatch/package.json
[DEBUG] [2021-02-01 20:08:02,831 +0900[ - Dependency file found location: /home/forse/hello/node_modules/objectorarray/package.json
[DEBUG] [2021-02-01 20:08:02,831 +0900[ - Dependency file found location: /home/forse/hello/node_modules/endent/package.json
[DEBUG] [2021-02-01 20:08:02,832 +0900[ - Dependency file found location: /home/forse/hello/node_modules/onetime/package.json
[DEBUG] [2021-02-01 20:08:02,832 +0900[ - Dependency file found location: /home/forse/hello/node_modules/os-homedir/package.json
[DEBUG] [2021-02-01 20:08:02,832 +0900[ - Dependency file found location: /home/forse/hello/node_modules/os-tmpdir/package.json
[DEBUG] [2021-02-01 20:08:02,832 +0900[ - Dependency file found location: /home/forse/hello/node_modules/osenv/package.json
[DEBUG] [2021-02-01 20:08:02,833 +0900[ - Dependency file found location: /home/forse/hello/node_modules/p-finally/package.json
[DEBUG] [2021-02-01 20:08:02,833 +0900[ - Dependency file found location: /home/forse/hello/node_modules/p-try/package.json
[DEBUG] [2021-02-01 20:08:02,833 +0900[ - Dependency file found location: /home/forse/hello/node_modules/path-is-absolute/package.json
[DEBUG] [2021-02-01 20:08:02,833 +0900[ - Dependency file found location: /home/forse/hello/node_modules/path-key/package.json
[DEBUG] [2021-02-01 20:08:02,834 +0900[ - Dependency file found location: /home/forse/hello/node_modules/npm-run-path/package.json
[DEBUG] [2021-02-01 20:08:02,834 +0900[ - Dependency file found location: /home/forse/hello/node_modules/picomatch/package.json
[DEBUG] [2021-02-01 20:08:02,835 +0900[ - Dependency file found location: /home/forse/hello/node_modules/pify/package.json
[DEBUG] [2021-02-01 20:08:02,835 +0900[ - Dependency file found location: /home/forse/hello/node_modules/q/package.json
[DEBUG] [2021-02-01 20:08:02,835 +0900[ - Dependency file found location: /home/forse/hello/node_modules/reusify/package.json
[DEBUG] [2021-02-01 20:08:02,836 +0900[ - Dependency file found location: /home/forse/hello/node_modules/fastq/package.json
[DEBUG] [2021-02-01 20:08:02,836 +0900[ - Dependency file found location: /home/forse/hello/node_modules/run-parallel/package.json
[DEBUG] [2021-02-01 20:08:02,837 +0900[ - Dependency file found location: /home/forse/hello/node_modules/sax/package.json
[DEBUG] [2021-02-01 20:08:02,837 +0900[ - Dependency file found location: /home/forse/hello/node_modules/sax/LICENSE-W3C.html
[DEBUG] [2021-02-01 20:08:02,837 +0900[ - Dependency file found location: /home/forse/hello/node_modules/elementtree/package.json
[DEBUG] [2021-02-01 20:08:02,839 +0900[ - Dependency file found location: /home/forse/hello/node_modules/semver/package.json
[DEBUG] [2021-02-01 20:08:02,839 +0900[ - Dependency file found location: /home/forse/hello/node_modules/shebang-regex/package.json
[DEBUG] [2021-02-01 20:08:02,839 +0900[ - Dependency file found location: /home/forse/hello/node_modules/shebang-command/package.json
[DEBUG] [2021-02-01 20:08:02,840 +0900[ - Dependency file found location: /home/forse/hello/node_modules/signal-exit/package.json
[DEBUG] [2021-02-01 20:08:02,840 +0900[ - Dependency file found location: /home/forse/hello/node_modules/string.prototype.codepointat/package.json
[DEBUG] [2021-02-01 20:08:02,840 +0900[ - Dependency file found location: /home/forse/hello/node_modules/strip-bom/package.json
[DEBUG] [2021-02-01 20:08:02,841 +0900[ - Dependency file found location: /home/forse/hello/node_modules/strip-final-newline/package.json
[DEBUG] [2021-02-01 20:08:02,841 +0900[ - Dependency file found location: /home/forse/hello/node_modules/to-regex-range/package.json
[DEBUG] [2021-02-01 20:08:02,841 +0900[ - Dependency file found location: /home/forse/hello/node_modules/fill-range/package.json
[DEBUG] [2021-02-01 20:08:02,841 +0900[ - Dependency file found location: /home/forse/hello/node_modules/braces/package.json
[DEBUG] [2021-02-01 20:08:02,843 +0900[ - Dependency file found location: /home/forse/hello/node_modules/micromatch/package.json
[DEBUG] [2021-02-01 20:08:02,847 +0900[ - Dependency file found location: /home/forse/hello/node_modules/fast-glob/package.json
[DEBUG] [2021-02-01 20:08:02,873 +0900[ - Dependency file found location: /home/forse/hello/node_modules/underscore/package.json
[DEBUG] [2021-02-01 20:08:02,874 +0900[ - Dependency file found location: /home/forse/hello/node_modules/universalify/package.json
[DEBUG] [2021-02-01 20:08:02,876 +0900[ - Dependency file found location: /home/forse/hello/node_modules/fs-extra/package.json
[DEBUG] [2021-02-01 20:08:02,876 +0900[ - Dependency file found location: /home/forse/hello/node_modules/which/package.json
[DEBUG] [2021-02-01 20:08:02,877 +0900[ - Dependency file found location: /home/forse/hello/node_modules/cross-spawn/package.json
[DEBUG] [2021-02-01 20:08:02,882 +0900[ - Dependency file found location: /home/forse/hello/node_modules/with-open-file/package.json
[DEBUG] [2021-02-01 20:08:02,883 +0900[ - Dependency file found location: /home/forse/hello/node_modules/read-chunk/package.json
[DEBUG] [2021-02-01 20:08:02,883 +0900[ - Dependency file found location: /home/forse/hello/node_modules/wrappy/package.json
[DEBUG] [2021-02-01 20:08:02,883 +0900[ - Dependency file found location: /home/forse/hello/node_modules/once/package.json
[DEBUG] [2021-02-01 20:08:02,883 +0900[ - Dependency file found location: /home/forse/hello/node_modules/end-of-stream/package.json
[DEBUG] [2021-02-01 20:08:02,884 +0900[ - Dependency file found location: /home/forse/hello/node_modules/inflight/package.json
[DEBUG] [2021-02-01 20:08:02,884 +0900[ - Dependency file found location: /home/forse/hello/node_modules/glob/package.json
[DEBUG] [2021-02-01 20:08:02,884 +0900[ - Dependency file found location: /home/forse/hello/node_modules/pump/package.json
[DEBUG] [2021-02-01 20:08:02,885 +0900[ - Dependency file found location: /home/forse/hello/node_modules/get-stream/package.json
[DEBUG] [2021-02-01 20:08:02,885 +0900[ - Dependency file found location: /home/forse/hello/node_modules/xmlbuilder/package.json
[DEBUG] [2021-02-01 20:08:02,887 +0900[ - Dependency file found location: /home/forse/hello/node_modules/xmldom/package.json
[DEBUG] [2021-02-01 20:08:02,887 +0900[ - Dependency file found location: /home/forse/hello/node_modules/plist/package.json
[DEBUG] [2021-02-01 20:08:02,887 +0900[ - Dependency file found location: /home/forse/hello/node_modules/plist/examples/browser/index.html
[DEBUG] [2021-02-01 20:08:02,888 +0900[ - Dependency file found location: /home/forse/hello/node_modules/android-versions/package.json
[DEBUG] [2021-02-01 20:08:02,890 +0900[ - Dependency file found location: /home/forse/hello/node_modules/cordova-common/package.json
[DEBUG] [2021-02-01 20:08:02,890 +0900[ - Dependency file found location: /home/forse/hello/node_modules/execa/package.json
[DEBUG] [2021-02-01 20:08:02,891 +0900[ - Dependency file found location: /home/forse/hello/node_modules/nopt/package.json
[DEBUG] [2021-02-01 20:08:02,891 +0900[ - Dependency file found location: /home/forse/hello/node_modules/properties-parser/package.json
[DEBUG] [2021-02-01 20:08:02,893 +0900[ - Dependency file found location: /home/forse/hello/node_modules/cordova-android/bin/templates/cordova/lib/plugin-build.gradle
[DEBUG] [2021-02-01 20:08:02,898 +0900[ - Dependency file found location: /home/forse/hello/node_modules/cordova-android/bin/templates/project/assets/www/index.html
[DEBUG] [2021-02-01 20:08:02,898 +0900[ - Dependency file found location: /home/forse/hello/node_modules/cordova-android/bin/templates/project/app/build.gradle
[DEBUG] [2021-02-01 20:08:02,899 +0900[ - Dependency file found location: /home/forse/hello/node_modules/cordova-android/bin/templates/project/build.gradle
[DEBUG] [2021-02-01 20:08:02,904 +0900[ - Dependency file found location: /home/forse/hello/node_modules/cordova-android/framework/build.gradle
[DEBUG] [2021-02-01 20:08:02,909 +0900[ - Dependency file found location: /home/forse/hello/node_modules/cordova-android/framework/build.xml
[DEBUG] [2021-02-01 20:08:02,910 +0900[ - Dependency file found location: /home/forse/hello/node_modules/cordova-android/package.json
[DEBUG] [2021-02-01 20:08:02,910 +0900[ - Dependency file found location: /home/forse/hello/node_modules/cordova-plugin-whitelist/package.json
[DEBUG] [2021-02-01 20:08:02,911 +0900[ - Dependency file found location: /home/forse/hello/node_modules/cordova-plugin-whitelist/tests/package.json
[DEBUG] [2021-02-01 20:08:02,911 +0900[ - Dependency file found location: /home/forse/hello/node_modules/cordova-plugin-camera/package.json
[DEBUG] [2021-02-01 20:08:02,915 +0900[ - Dependency file found location: /home/forse/hello/node_modules/cordova-plugin-camera/tests/ios/package.json
[DEBUG] [2021-02-01 20:08:02,916 +0900[ - Dependency file found location: /home/forse/hello/node_modules/cordova-plugin-camera/tests/package.json
[DEBUG] [2021-02-01 20:08:02,917 +0900[ - Dependency file found location: /home/forse/hello/plugins/cordova-plugin-whitelist/package.json
[DEBUG] [2021-02-01 20:08:02,919 +0900[ - Dependency file found location: /home/forse/hello/plugins/cordova-plugin-whitelist/tests/package.json
[DEBUG] [2021-02-01 20:08:02,921 +0900[ - Dependency file found location: /home/forse/hello/plugins/cordova-plugin-camera/package.json
[DEBUG] [2021-02-01 20:08:02,924 +0900[ - Dependency file found location: /home/forse/hello/plugins/cordova-plugin-camera/tests/ios/package.json
[DEBUG] [2021-02-01 20:08:02,924 +0900[ - Dependency file found location: /home/forse/hello/plugins/cordova-plugin-camera/tests/package.json
[INFO] [2021-02-01 20:08:02,926 +0900[ - Attempting to resolve dependencies
[INFO] [2021-02-01 20:08:02,926 +0900[ - 
------------------------------------------------------------------------
-------------------- Start: Pre-Step And Resolve Dependencies ----------
------------------------------------------------------------------------
[DEBUG] [2021-02-01 20:08:02,940 +0900[ - FilesFrom: NpmDependencyResolver, Dependency file found location: /home/forse/hello/package.json
[DEBUG] [2021-02-01 20:08:02,958 +0900[ - FilesFrom: GradleDependencyResolver, Dependency file found location: /home/forse/hello/platforms/android/app/build.gradle
[DEBUG] [2021-02-01 20:08:02,959 +0900[ - FilesFrom: GradleDependencyResolver, Dependency file found location: /home/forse/hello/platforms/android/CordovaLib/build.gradle
[DEBUG] [2021-02-01 20:08:02,963 +0900[ - FilesFrom: GradleDependencyResolver, Dependency file found location: /home/forse/hello/platforms/android/cordova/lib/plugin-build.gradle
[DEBUG] [2021-02-01 20:08:02,964 +0900[ - FilesFrom: GradleDependencyResolver, Dependency file found location: /home/forse/hello/platforms/android/build.gradle
[DEBUG] [2021-02-01 20:08:02,966 +0900[ - FilesFrom: NpmDependencyResolver, Dependency file found location: /home/forse/hello/node_modules/@nodelib/fs.stat/package.json
[DEBUG] [2021-02-01 20:08:02,979 +0900[ - FilesFrom: NpmDependencyResolver, Dependency file found location: /home/forse/hello/node_modules/@nodelib/fs.scandir/package.json
[DEBUG] [2021-02-01 20:08:02,984 +0900[ - FilesFrom: NpmDependencyResolver, Dependency file found location: /home/forse/hello/node_modules/@nodelib/fs.walk/package.json
[DEBUG] [2021-02-01 20:08:02,985 +0900[ - FilesFrom: NpmDependencyResolver, Dependency file found location: /home/forse/hello/node_modules/abbrev/package.json
[DEBUG] [2021-02-01 20:08:02,985 +0900[ - FilesFrom: NpmDependencyResolver, Dependency file found location: /home/forse/hello/node_modules/ansi/package.json
[DEBUG] [2021-02-01 20:08:02,986 +0900[ - FilesFrom: NpmDependencyResolver, Dependency file found location: /home/forse/hello/node_modules/assert-plus/package.json
[DEBUG] [2021-02-01 20:08:02,986 +0900[ - FilesFrom: NpmDependencyResolver, Dependency file found location: /home/forse/hello/node_modules/at-least-node/package.json
[DEBUG] [2021-02-01 20:08:02,986 +0900[ - FilesFrom: NpmDependencyResolver, Dependency file found location: /home/forse/hello/node_modules/balanced-match/package.json
[DEBUG] [2021-02-01 20:08:02,987 +0900[ - FilesFrom: NpmDependencyResolver, Dependency file found location: /home/forse/hello/node_modules/base64-js/package.json
[DEBUG] [2021-02-01 20:08:02,987 +0900[ - FilesFrom: NpmDependencyResolver, Dependency file found location: /home/forse/hello/node_modules/big-integer/package.json
[DEBUG] [2021-02-01 20:08:02,987 +0900[ - FilesFrom: BowerDependencyResolver, Dependency file found location: /home/forse/hello/node_modules/big-integer/bower.json
[DEBUG] [2021-02-01 20:08:02,987 +0900[ - FilesFrom: NpmDependencyResolver, Dependency file found location: /home/forse/hello/node_modules/bplist-parser/package.json
[DEBUG] [2021-02-01 20:08:02,992 +0900[ - FilesFrom: NpmDependencyResolver, Dependency file found location: /home/forse/hello/node_modules/concat-map/package.json
[DEBUG] [2021-02-01 20:08:02,992 +0900[ - FilesFrom: NpmDependencyResolver, Dependency file found location: /home/forse/hello/node_modules/brace-expansion/package.json
[DEBUG] [2021-02-01 20:08:02,992 +0900[ - FilesFrom: NpmDependencyResolver, Dependency file found location: /home/forse/hello/node_modules/dedent/package.json
[DEBUG] [2021-02-01 20:08:02,993 +0900[ - FilesFrom: NpmDependencyResolver, Dependency file found location: /home/forse/hello/node_modules/extsprintf/package.json
[DEBUG] [2021-02-01 20:08:02,993 +0900[ - FilesFrom: NpmDependencyResolver, Dependency file found location: /home/forse/hello/node_modules/fast-json-parse/package.json
[DEBUG] [2021-02-01 20:08:02,994 +0900[ - FilesFrom: NpmDependencyResolver, Dependency file found location: /home/forse/hello/node_modules/fs.realpath/package.json
[DEBUG] [2021-02-01 20:08:02,994 +0900[ - FilesFrom: NpmDependencyResolver, Dependency file found location: /home/forse/hello/node_modules/graceful-fs/package.json
[DEBUG] [2021-02-01 20:08:02,995 +0900[ - FilesFrom: NpmDependencyResolver, Dependency file found location: /home/forse/hello/node_modules/human-signals/package.json
[DEBUG] [2021-02-01 20:08:02,995 +0900[ - FilesFrom: NpmDependencyResolver, Dependency file found location: /home/forse/hello/node_modules/inherits/package.json
[DEBUG] [2021-02-01 20:08:02,995 +0900[ - FilesFrom: NpmDependencyResolver, Dependency file found location: /home/forse/hello/node_modules/is-extglob/package.json
[DEBUG] [2021-02-01 20:08:02,995 +0900[ - FilesFrom: NpmDependencyResolver, Dependency file found location: /home/forse/hello/node_modules/is-glob/package.json
[DEBUG] [2021-02-01 20:08:02,995 +0900[ - FilesFrom: NpmDependencyResolver, Dependency file found location: /home/forse/hello/node_modules/glob-parent/package.json
[DEBUG] [2021-02-01 20:08:02,996 +0900[ - FilesFrom: NpmDependencyResolver, Dependency file found location: /home/forse/hello/node_modules/is-number/package.json
[DEBUG] [2021-02-01 20:08:02,996 +0900[ - FilesFrom: NpmDependencyResolver, Dependency file found location: /home/forse/hello/node_modules/is-stream/package.json
[DEBUG] [2021-02-01 20:08:02,996 +0900[ - FilesFrom: NpmDependencyResolver, Dependency file found location: /home/forse/hello/node_modules/isexe/package.json
[DEBUG] [2021-02-01 20:08:02,996 +0900[ - FilesFrom: NpmDependencyResolver, Dependency file found location: /home/forse/hello/node_modules/jsonfile/package.json
[DEBUG] [2021-02-01 20:08:02,997 +0900[ - FilesFrom: NpmDependencyResolver, Dependency file found location: /home/forse/hello/node_modules/jsonfile/node_modules/universalify/package.json
[DEBUG] [2021-02-01 20:08:03,071 +0900[ - FilesFrom: NpmDependencyResolver, Dependency file found location: /home/forse/hello/node_modules/lodash/package.json
[DEBUG] [2021-02-01 20:08:03,071 +0900[ - FilesFrom: NpmDependencyResolver, Dependency file found location: /home/forse/hello/node_modules/@netflix/nerror/package.json
[DEBUG] [2021-02-01 20:08:03,072 +0900[ - FilesFrom: NpmDependencyResolver, Dependency file found location: /home/forse/hello/node_modules/merge-stream/package.json
[DEBUG] [2021-02-01 20:08:03,072 +0900[ - FilesFrom: NpmDependencyResolver, Dependency file found location: /home/forse/hello/node_modules/merge2/package.json
[DEBUG] [2021-02-01 20:08:03,072 +0900[ - FilesFrom: NpmDependencyResolver, Dependency file found location: /home/forse/hello/node_modules/mimic-fn/package.json
[DEBUG] [2021-02-01 20:08:03,072 +0900[ - FilesFrom: NpmDependencyResolver, Dependency file found location: /home/forse/hello/node_modules/minimatch/package.json
[DEBUG] [2021-02-01 20:08:03,073 +0900[ - FilesFrom: NpmDependencyResolver, Dependency file found location: /home/forse/hello/node_modules/objectorarray/package.json
[DEBUG] [2021-02-01 20:08:03,073 +0900[ - FilesFrom: NpmDependencyResolver, Dependency file found location: /home/forse/hello/node_modules/endent/package.json
[DEBUG] [2021-02-01 20:08:03,073 +0900[ - FilesFrom: NpmDependencyResolver, Dependency file found location: /home/forse/hello/node_modules/onetime/package.json
[DEBUG] [2021-02-01 20:08:03,073 +0900[ - FilesFrom: NpmDependencyResolver, Dependency file found location: /home/forse/hello/node_modules/os-homedir/package.json
[DEBUG] [2021-02-01 20:08:03,084 +0900[ - FilesFrom: NpmDependencyResolver, Dependency file found location: /home/forse/hello/node_modules/os-tmpdir/package.json
[DEBUG] [2021-02-01 20:08:03,084 +0900[ - FilesFrom: NpmDependencyResolver, Dependency file found location: /home/forse/hello/node_modules/osenv/package.json
[DEBUG] [2021-02-01 20:08:03,084 +0900[ - FilesFrom: NpmDependencyResolver, Dependency file found location: /home/forse/hello/node_modules/p-finally/package.json
[DEBUG] [2021-02-01 20:08:03,085 +0900[ - FilesFrom: NpmDependencyResolver, Dependency file found location: /home/forse/hello/node_modules/p-try/package.json
[DEBUG] [2021-02-01 20:08:03,085 +0900[ - FilesFrom: NpmDependencyResolver, Dependency file found location: /home/forse/hello/node_modules/path-is-absolute/package.json
[DEBUG] [2021-02-01 20:08:03,085 +0900[ - FilesFrom: NpmDependencyResolver, Dependency file found location: /home/forse/hello/node_modules/path-key/package.json
[DEBUG] [2021-02-01 20:08:03,085 +0900[ - FilesFrom: NpmDependencyResolver, Dependency file found location: /home/forse/hello/node_modules/npm-run-path/package.json
[DEBUG] [2021-02-01 20:08:03,085 +0900[ - FilesFrom: NpmDependencyResolver, Dependency file found location: /home/forse/hello/node_modules/picomatch/package.json
[DEBUG] [2021-02-01 20:08:03,086 +0900[ - FilesFrom: NpmDependencyResolver, Dependency file found location: /home/forse/hello/node_modules/pify/package.json
[DEBUG] [2021-02-01 20:08:03,086 +0900[ - FilesFrom: NpmDependencyResolver, Dependency file found location: /home/forse/hello/node_modules/q/package.json
[DEBUG] [2021-02-01 20:08:03,086 +0900[ - FilesFrom: NpmDependencyResolver, Dependency file found location: /home/forse/hello/node_modules/reusify/package.json
[DEBUG] [2021-02-01 20:08:03,087 +0900[ - FilesFrom: NpmDependencyResolver, Dependency file found location: /home/forse/hello/node_modules/fastq/package.json
[DEBUG] [2021-02-01 20:08:03,087 +0900[ - FilesFrom: NpmDependencyResolver, Dependency file found location: /home/forse/hello/node_modules/run-parallel/package.json
[DEBUG] [2021-02-01 20:08:03,087 +0900[ - FilesFrom: NpmDependencyResolver, Dependency file found location: /home/forse/hello/node_modules/sax/package.json
[DEBUG] [2021-02-01 20:08:03,087 +0900[ - FilesFrom: NpmDependencyResolver, Dependency file found location: /home/forse/hello/node_modules/elementtree/package.json
[DEBUG] [2021-02-01 20:08:03,088 +0900[ - FilesFrom: NpmDependencyResolver, Dependency file found location: /home/forse/hello/node_modules/semver/package.json
[DEBUG] [2021-02-01 20:08:03,089 +0900[ - FilesFrom: NpmDependencyResolver, Dependency file found location: /home/forse/hello/node_modules/shebang-regex/package.json
[DEBUG] [2021-02-01 20:08:03,089 +0900[ - FilesFrom: NpmDependencyResolver, Dependency file found location: /home/forse/hello/node_modules/shebang-command/package.json
[DEBUG] [2021-02-01 20:08:03,089 +0900[ - FilesFrom: NpmDependencyResolver, Dependency file found location: /home/forse/hello/node_modules/signal-exit/package.json
[DEBUG] [2021-02-01 20:08:03,089 +0900[ - FilesFrom: NpmDependencyResolver, Dependency file found location: /home/forse/hello/node_modules/string.prototype.codepointat/package.json
[DEBUG] [2021-02-01 20:08:03,090 +0900[ - FilesFrom: NpmDependencyResolver, Dependency file found location: /home/forse/hello/node_modules/strip-bom/package.json
[DEBUG] [2021-02-01 20:08:03,090 +0900[ - FilesFrom: NpmDependencyResolver, Dependency file found location: /home/forse/hello/node_modules/strip-final-newline/package.json
[DEBUG] [2021-02-01 20:08:03,090 +0900[ - FilesFrom: NpmDependencyResolver, Dependency file found location: /home/forse/hello/node_modules/to-regex-range/package.json
[DEBUG] [2021-02-01 20:08:03,090 +0900[ - FilesFrom: NpmDependencyResolver, Dependency file found location: /home/forse/hello/node_modules/fill-range/package.json
[DEBUG] [2021-02-01 20:08:03,090 +0900[ - FilesFrom: NpmDependencyResolver, Dependency file found location: /home/forse/hello/node_modules/braces/package.json
[DEBUG] [2021-02-01 20:08:03,104 +0900[ - FilesFrom: NpmDependencyResolver, Dependency file found location: /home/forse/hello/node_modules/micromatch/package.json
[DEBUG] [2021-02-01 20:08:03,107 +0900[ - FilesFrom: NpmDependencyResolver, Dependency file found location: /home/forse/hello/node_modules/fast-glob/package.json
[DEBUG] [2021-02-01 20:08:03,135 +0900[ - FilesFrom: NpmDependencyResolver, Dependency file found location: /home/forse/hello/node_modules/underscore/package.json
[DEBUG] [2021-02-01 20:08:03,136 +0900[ - FilesFrom: NpmDependencyResolver, Dependency file found location: /home/forse/hello/node_modules/universalify/package.json
[DEBUG] [2021-02-01 20:08:03,148 +0900[ - FilesFrom: NpmDependencyResolver, Dependency file found location: /home/forse/hello/node_modules/fs-extra/package.json
[DEBUG] [2021-02-01 20:08:03,149 +0900[ - FilesFrom: NpmDependencyResolver, Dependency file found location: /home/forse/hello/node_modules/which/package.json
[DEBUG] [2021-02-01 20:08:03,149 +0900[ - FilesFrom: NpmDependencyResolver, Dependency file found location: /home/forse/hello/node_modules/cross-spawn/package.json
[DEBUG] [2021-02-01 20:08:03,149 +0900[ - FilesFrom: NpmDependencyResolver, Dependency file found location: /home/forse/hello/node_modules/with-open-file/package.json
[DEBUG] [2021-02-01 20:08:03,150 +0900[ - FilesFrom: NpmDependencyResolver, Dependency file found location: /home/forse/hello/node_modules/read-chunk/package.json
[DEBUG] [2021-02-01 20:08:03,150 +0900[ - FilesFrom: NpmDependencyResolver, Dependency file found location: /home/forse/hello/node_modules/wrappy/package.json
[DEBUG] [2021-02-01 20:08:03,150 +0900[ - FilesFrom: NpmDependencyResolver, Dependency file found location: /home/forse/hello/node_modules/once/package.json
[DEBUG] [2021-02-01 20:08:03,150 +0900[ - FilesFrom: NpmDependencyResolver, Dependency file found location: /home/forse/hello/node_modules/end-of-stream/package.json
[DEBUG] [2021-02-01 20:08:03,150 +0900[ - FilesFrom: NpmDependencyResolver, Dependency file found location: /home/forse/hello/node_modules/inflight/package.json
[DEBUG] [2021-02-01 20:08:03,151 +0900[ - FilesFrom: NpmDependencyResolver, Dependency file found location: /home/forse/hello/node_modules/glob/package.json
[DEBUG] [2021-02-01 20:08:03,151 +0900[ - FilesFrom: NpmDependencyResolver, Dependency file found location: /home/forse/hello/node_modules/pump/package.json
[DEBUG] [2021-02-01 20:08:03,151 +0900[ - FilesFrom: NpmDependencyResolver, Dependency file found location: /home/forse/hello/node_modules/get-stream/package.json
[DEBUG] [2021-02-01 20:08:03,151 +0900[ - FilesFrom: NpmDependencyResolver, Dependency file found location: /home/forse/hello/node_modules/xmlbuilder/package.json
[DEBUG] [2021-02-01 20:08:03,153 +0900[ - FilesFrom: NpmDependencyResolver, Dependency file found location: /home/forse/hello/node_modules/xmldom/package.json
[DEBUG] [2021-02-01 20:08:03,153 +0900[ - FilesFrom: NpmDependencyResolver, Dependency file found location: /home/forse/hello/node_modules/plist/package.json
[DEBUG] [2021-02-01 20:08:03,154 +0900[ - FilesFrom: NpmDependencyResolver, Dependency file found location: /home/forse/hello/node_modules/android-versions/package.json
[DEBUG] [2021-02-01 20:08:03,155 +0900[ - FilesFrom: NpmDependencyResolver, Dependency file found location: /home/forse/hello/node_modules/cordova-common/package.json
[DEBUG] [2021-02-01 20:08:03,155 +0900[ - FilesFrom: NpmDependencyResolver, Dependency file found location: /home/forse/hello/node_modules/execa/package.json
[DEBUG] [2021-02-01 20:08:03,155 +0900[ - FilesFrom: NpmDependencyResolver, Dependency file found location: /home/forse/hello/node_modules/nopt/package.json
[DEBUG] [2021-02-01 20:08:03,156 +0900[ - FilesFrom: NpmDependencyResolver, Dependency file found location: /home/forse/hello/node_modules/properties-parser/package.json
[DEBUG] [2021-02-01 20:08:03,157 +0900[ - FilesFrom: GradleDependencyResolver, Dependency file found location: /home/forse/hello/node_modules/cordova-android/bin/templates/cordova/lib/plugin-build.gradle
[DEBUG] [2021-02-01 20:08:03,182 +0900[ - FilesFrom: GradleDependencyResolver, Dependency file found location: /home/forse/hello/node_modules/cordova-android/bin/templates/project/app/build.gradle
[DEBUG] [2021-02-01 20:08:03,183 +0900[ - FilesFrom: GradleDependencyResolver, Dependency file found location: /home/forse/hello/node_modules/cordova-android/bin/templates/project/build.gradle
[DEBUG] [2021-02-01 20:08:03,188 +0900[ - FilesFrom: GradleDependencyResolver, Dependency file found location: /home/forse/hello/node_modules/cordova-android/framework/build.gradle
[DEBUG] [2021-02-01 20:08:03,191 +0900[ - FilesFrom: AntDependencyResolver, Dependency file found location: /home/forse/hello/node_modules/cordova-android/framework/build.xml
[DEBUG] [2021-02-01 20:08:03,192 +0900[ - FilesFrom: NpmDependencyResolver, Dependency file found location: /home/forse/hello/node_modules/cordova-android/package.json
[DEBUG] [2021-02-01 20:08:03,192 +0900[ - FilesFrom: NpmDependencyResolver, Dependency file found location: /home/forse/hello/node_modules/cordova-plugin-whitelist/package.json
[DEBUG] [2021-02-01 20:08:03,192 +0900[ - FilesFrom: NpmDependencyResolver, Dependency file found location: /home/forse/hello/node_modules/cordova-plugin-whitelist/tests/package.json
[DEBUG] [2021-02-01 20:08:03,193 +0900[ - FilesFrom: NpmDependencyResolver, Dependency file found location: /home/forse/hello/node_modules/cordova-plugin-camera/package.json
[DEBUG] [2021-02-01 20:08:03,207 +0900[ - FilesFrom: NpmDependencyResolver, Dependency file found location: /home/forse/hello/node_modules/cordova-plugin-camera/tests/ios/package.json
[DEBUG] [2021-02-01 20:08:03,207 +0900[ - FilesFrom: NpmDependencyResolver, Dependency file found location: /home/forse/hello/node_modules/cordova-plugin-camera/tests/package.json
[DEBUG] [2021-02-01 20:08:03,208 +0900[ - FilesFrom: NpmDependencyResolver, Dependency file found location: /home/forse/hello/plugins/cordova-plugin-whitelist/package.json
[DEBUG] [2021-02-01 20:08:03,209 +0900[ - FilesFrom: NpmDependencyResolver, Dependency file found location: /home/forse/hello/plugins/cordova-plugin-whitelist/tests/package.json
[DEBUG] [2021-02-01 20:08:03,210 +0900[ - FilesFrom: NpmDependencyResolver, Dependency file found location: /home/forse/hello/plugins/cordova-plugin-camera/package.json
[DEBUG] [2021-02-01 20:08:03,213 +0900[ - FilesFrom: NpmDependencyResolver, Dependency file found location: /home/forse/hello/plugins/cordova-plugin-camera/tests/ios/package.json
[DEBUG] [2021-02-01 20:08:03,213 +0900[ - FilesFrom: NpmDependencyResolver, Dependency file found location: /home/forse/hello/plugins/cordova-plugin-camera/tests/package.json
[DEBUG] [2021-02-01 20:08:03,215 +0900[ - found folders:

[DEBUG] [2021-02-01 20:08:03,215 +0900[ - /home/forse/hello/platforms/android
[DEBUG] [2021-02-01 20:08:03,215 +0900[ - /home/forse/hello/platforms/android/cordova
[DEBUG] [2021-02-01 20:08:03,215 +0900[ - /home/forse/hello/node_modules/cordova-android/bin/templates
[DEBUG] [2021-02-01 20:08:03,215 +0900[ - /home/forse/hello/platforms
[DEBUG] [2021-02-01 20:08:03,215 +0900[ - /home/forse/hello/node_modules/cordova-android
[DEBUG] [2021-02-01 20:08:03,215 +0900[ - /home/forse/hello/node_modules/cordova-android/bin/templates/project
[DEBUG] [2021-02-01 20:08:03,215 +0900[ - /home/forse/hello/node_modules/cordova-android/bin/templates/cordova
[DEBUG] [2021-02-01 20:08:03,215 +0900[ - 

[DEBUG] [2021-02-01 20:08:03,231 +0900[ - /home/forse/hello/platforms/android;/home/forse/hello/platforms/android;true
[DEBUG] [2021-02-01 20:08:03,231 +0900[ - ---> removed: /home/forse/hello/platforms/android
[DEBUG] [2021-02-01 20:08:03,231 +0900[ - /home/forse/hello/platforms/android/cordova;/home/forse/hello/platforms/android;true
[DEBUG] [2021-02-01 20:08:03,231 +0900[ - ---> removed: /home/forse/hello/platforms/android/cordova
[DEBUG] [2021-02-01 20:08:03,231 +0900[ - /home/forse/hello/node_modules/cordova-android/bin/templates;/home/forse/hello/platforms/android;false
[DEBUG] [2021-02-01 20:08:03,231 +0900[ - /home/forse/hello/node_modules/cordova-android;/home/forse/hello/platforms/android;false
[DEBUG] [2021-02-01 20:08:03,231 +0900[ - /home/forse/hello/node_modules/cordova-android/bin/templates/project;/home/forse/hello/platforms/android;false
[DEBUG] [2021-02-01 20:08:03,231 +0900[ - /home/forse/hello/node_modules/cordova-android/bin/templates/cordova;/home/forse/hello/platforms/android;false
[DEBUG] [2021-02-01 20:08:03,231 +0900[ - /home/forse/hello/node_modules/cordova-android/bin/templates;/home/forse/hello/node_modules/cordova-android/framework;false
[DEBUG] [2021-02-01 20:08:03,232 +0900[ - /home/forse/hello/node_modules/cordova-android/bin/templates/project;/home/forse/hello/node_modules/cordova-android/framework;false
[DEBUG] [2021-02-01 20:08:03,232 +0900[ - /home/forse/hello/node_modules/cordova-android/bin/templates/cordova;/home/forse/hello/node_modules/cordova-android/framework;false
[DEBUG] [2021-02-01 20:08:03,232 +0900[ - /home/forse/hello/node_modules/cordova-android/bin/templates/project;/home/forse/hello/node_modules/cordova-android/bin/templates/project;true
[DEBUG] [2021-02-01 20:08:03,232 +0900[ - ---> removed: /home/forse/hello/node_modules/cordova-android/bin/templates/project
[DEBUG] [2021-02-01 20:08:03,232 +0900[ - /home/forse/hello/node_modules/cordova-android/bin/templates/cordova;/home/forse/hello/node_modules/cordova-android/bin/templates/project;false
[DEBUG] [2021-02-01 20:08:03,232 +0900[ - 

[DEBUG] [2021-02-01 20:08:03,232 +0900[ - found folders:

[DEBUG] [2021-02-01 20:08:03,232 +0900[ - /home/forse/hello/node_modules/cordova-android
[DEBUG] [2021-02-01 20:08:03,232 +0900[ - 

[DEBUG] [2021-02-01 20:08:03,232 +0900[ - 

[DEBUG] [2021-02-01 20:08:03,232 +0900[ - found folders:

[DEBUG] [2021-02-01 20:08:03,232 +0900[ - /home/forse/hello/node_modules/@nodelib
[DEBUG] [2021-02-01 20:08:03,232 +0900[ - /home/forse/hello/plugins/cordova-plugin-whitelist
[DEBUG] [2021-02-01 20:08:03,232 +0900[ - /home/forse/hello/node_modules/@netflix
[DEBUG] [2021-02-01 20:08:03,232 +0900[ - /home/forse/hello/plugins/cordova-plugin-camera
[DEBUG] [2021-02-01 20:08:03,232 +0900[ - /home/forse
[DEBUG] [2021-02-01 20:08:03,232 +0900[ - /home/forse/hello/node_modules/cordova-plugin-whitelist
[DEBUG] [2021-02-01 20:08:03,232 +0900[ - /home/forse/hello/plugins
[DEBUG] [2021-02-01 20:08:03,232 +0900[ - /home/forse/hello/plugins/cordova-plugin-camera/tests
[DEBUG] [2021-02-01 20:08:03,232 +0900[ - /home/forse/hello/node_modules/jsonfile/node_modules
[DEBUG] [2021-02-01 20:08:03,232 +0900[ - /home/forse/hello/node_modules/cordova-plugin-camera/tests
[DEBUG] [2021-02-01 20:08:03,233 +0900[ - /home/forse/hello/node_modules/cordova-plugin-camera
[DEBUG] [2021-02-01 20:08:03,233 +0900[ - /home/forse/hello/node_modules
[DEBUG] [2021-02-01 20:08:03,233 +0900[ - 

[DEBUG] [2021-02-01 20:08:03,233 +0900[ - /home/forse/hello/node_modules/@nodelib;/home/forse/hello;true
[DEBUG] [2021-02-01 20:08:03,233 +0900[ - ---> removed: /home/forse/hello/node_modules/@nodelib
[DEBUG] [2021-02-01 20:08:03,233 +0900[ - /home/forse/hello/plugins/cordova-plugin-whitelist;/home/forse/hello;true
[DEBUG] [2021-02-01 20:08:03,233 +0900[ - ---> removed: /home/forse/hello/plugins/cordova-plugin-whitelist
[DEBUG] [2021-02-01 20:08:03,233 +0900[ - /home/forse/hello/node_modules/@netflix;/home/forse/hello;true
[DEBUG] [2021-02-01 20:08:03,233 +0900[ - ---> removed: /home/forse/hello/node_modules/@netflix
[DEBUG] [2021-02-01 20:08:03,233 +0900[ - /home/forse/hello/plugins/cordova-plugin-camera;/home/forse/hello;true
[DEBUG] [2021-02-01 20:08:03,233 +0900[ - ---> removed: /home/forse/hello/plugins/cordova-plugin-camera
[DEBUG] [2021-02-01 20:08:03,233 +0900[ - /home/forse/hello/node_modules/cordova-plugin-whitelist;/home/forse/hello;true
[DEBUG] [2021-02-01 20:08:03,233 +0900[ - ---> removed: /home/forse/hello/node_modules/cordova-plugin-whitelist
[DEBUG] [2021-02-01 20:08:03,233 +0900[ - /home/forse/hello/plugins;/home/forse/hello;true
[DEBUG] [2021-02-01 20:08:03,233 +0900[ - ---> removed: /home/forse/hello/plugins
[DEBUG] [2021-02-01 20:08:03,233 +0900[ - /home/forse/hello/plugins/cordova-plugin-camera/tests;/home/forse/hello;true
[DEBUG] [2021-02-01 20:08:03,233 +0900[ - ---> removed: /home/forse/hello/plugins/cordova-plugin-camera/tests
[DEBUG] [2021-02-01 20:08:03,233 +0900[ - /home/forse/hello/node_modules/jsonfile/node_modules;/home/forse/hello;true
[DEBUG] [2021-02-01 20:08:03,233 +0900[ - ---> removed: /home/forse/hello/node_modules/jsonfile/node_modules
[DEBUG] [2021-02-01 20:08:03,233 +0900[ - /home/forse/hello/node_modules/cordova-plugin-camera/tests;/home/forse/hello;true
[DEBUG] [2021-02-01 20:08:03,233 +0900[ - ---> removed: /home/forse/hello/node_modules/cordova-plugin-camera/tests
[DEBUG] [2021-02-01 20:08:03,233 +0900[ - /home/forse/hello/node_modules/cordova-plugin-camera;/home/forse/hello;true
[DEBUG] [2021-02-01 20:08:03,233 +0900[ - ---> removed: /home/forse/hello/node_modules/cordova-plugin-camera
[DEBUG] [2021-02-01 20:08:03,233 +0900[ - /home/forse/hello/node_modules;/home/forse/hello;true
[DEBUG] [2021-02-01 20:08:03,233 +0900[ - ---> removed: /home/forse/hello/node_modules
[DEBUG] [2021-02-01 20:08:03,233 +0900[ - 

[DEBUG] [2021-02-01 20:08:03,234 +0900[ - found folders:

[DEBUG] [2021-02-01 20:08:03,234 +0900[ - /home/forse/hello/node_modules
[DEBUG] [2021-02-01 20:08:03,234 +0900[ - 

[DEBUG] [2021-02-01 20:08:03,234 +0900[ - 

[DEBUG] [2021-02-01 20:08:03,234 +0900[ - Finishing reduce dependencies
[INFO] [2021-02-01 20:08:03,235 +0900[ - Trying to resolve ANT dependencies
[DEBUG] [2021-02-01 20:08:03,235 +0900[ - ANT installation status: true
[DEBUG] [2021-02-01 20:08:03,235 +0900[ - The command was run under /home/forse/hello/.
[INFO] [2021-02-01 20:08:03,235 +0900[ - topFolder = /home/forse/hello/node_modules/cordova-android/framework
[DEBUG] [2021-02-01 20:08:03,235 +0900[ - topFolder = /home/forse/hello/node_modules/cordova-android/framework
[DEBUG] [2021-02-01 20:08:03,235 +0900[ - Ant Resolver - resolveDependencies - START
[DEBUG] [2021-02-01 20:08:03,235 +0900[ - Ant-Resolver - scanWhitesourceAntModules - START - /home/forse/hello/node_modules/cordova-android/framework/build.xml
[DEBUG] [2021-02-01 20:08:03,235 +0900[ - Ant Resolver - createAndInitAntProject - START - baseDir: /home/forse/hello/node_modules/cordova-android/framework
[DEBUG] [2021-02-01 20:08:03,281 +0900[ - Ant Resolver - createAndInitAntProject - BaseDir: /home/forse/hello/node_modules/cordova-android/framework
[DEBUG] [2021-02-01 20:08:03,281 +0900[ - Ant Resolver - createAndInitAntProject - END
[DEBUG] [2021-02-01 20:08:03,281 +0900[ - Ant-Resolver - customConfigureProject - START
[ERROR] [2021-02-01 20:08:04,345 +0900[ - AntDependencyResolver ran at:/home/forse/hello/node_modules/cordova-android/framework and failed with:You need to create the file 'local.properties' by running 'android update project -p .' here.
[DEBUG] [2021-02-01 20:08:04,346 +0900[ - error: 
org.apache.tools.ant.BuildException: You need to create the file 'local.properties' by running 'android update project -p .' here.
	at org.apache.tools.ant.taskdefs.Exit.execute(Exit.java:162)
	at org.apache.tools.ant.UnknownElement.execute(UnknownElement.java:292)
	at sun.reflect.NativeMethodAccessorImpl.invoke0(Native Method)
	at sun.reflect.NativeMethodAccessorImpl.invoke(NativeMethodAccessorImpl.java:62)
	at sun.reflect.DelegatingMethodAccessorImpl.invoke(DelegatingMethodAccessorImpl.java:43)
	at java.lang.reflect.Method.invoke(Method.java:498)
	at org.apache.tools.ant.dispatch.DispatchUtils.execute(DispatchUtils.java:99)
	at org.apache.tools.ant.Task.perform(Task.java:350)
	at org.apache.tools.ant.Target.execute(Target.java:449)
	at org.apache.tools.ant.helper.ProjectHelper2.parse(ProjectHelper2.java:184)
	at org.apache.tools.ant.ProjectHelper.configureProject(ProjectHelper.java:104)
	at org.whitesource.agent.dependency.resolver.ant.AntDependencyResolver.customConfigureProject(AntDependencyResolver.java:468)
	at org.whitesource.agent.dependency.resolver.ant.AntDependencyResolver.scanWhitesourceAntModules(AntDependencyResolver.java:290)
	at org.whitesource.agent.dependency.resolver.ant.AntDependencyResolver.resolveDependencies(AntDependencyResolver.java:135)
	at org.whitesource.agent.dependency.resolver.DependencyResolutionService.resolveDependenciesOfResolver(DependencyResolutionService.java:377)
	at org.whitesource.agent.dependency.resolver.DependencyResolutionService.resolveDependencies(DependencyResolutionService.java:202)
	at org.whitesource.agent.FileSystemScanner.createProjects(FileSystemScanner.java:413)
	at org.whitesource.fs.scanOrigins.GeneralScanOrigin.getProjects(GeneralScanOrigin.java:196)
	at org.whitesource.fs.scanOrigins.GeneralScanOrigin.scan(GeneralScanOrigin.java:101)
	at org.whitesource.fs.scanOrigins.ScanOrigin.runOriginScan(ScanOrigin.java:36)
	at org.whitesource.fs.FileSystemAgent.createProjects(FileSystemAgent.java:165)
	at org.whitesource.fs.Main.scanAndSend(Main.java:152)
	at org.whitesource.fs.Main.main(Main.java:96)
[WARN] [2021-02-01 20:08:04,347 +0900[ - ant.resolveDependencies = true, but resolving dependencies failed
[INFO] [2021-02-01 20:08:04,347 +0900[ - Trying to resolve BOWER dependencies
[DEBUG] [2021-02-01 20:08:04,348 +0900[ - CommandLineProcess - executeProcessCommand - start execute command 'bower -v' in '.'
[WARN] [2021-02-01 20:08:04,358 +0900[ - CommandLineProcess - executeProcessCommand - Command 'bower -v' run Failed, Exception: Cannot run program "bower" (in directory "."): error=2, 
[DEBUG] [2021-02-01 20:08:04,359 +0900[ - BOWER installation status: false
[DEBUG] [2021-02-01 20:08:04,359 +0900[ - The command was run under /home/forse/hello/.
[INFO] [2021-02-01 20:08:04,359 +0900[ - topFolder = /home/forse/hello/node_modules/big-integer
[DEBUG] [2021-02-01 20:08:04,359 +0900[ - topFolder = /home/forse/hello/node_modules/big-integer
[DEBUG] [2021-02-01 20:08:04,359 +0900[ - No lockfile was found in /home/forse/hello/node_modules/big-integer, using npm resolver
[DEBUG] [2021-02-01 20:08:04,359 +0900[ - Trying to collect dependencies via bower ls --json
[DEBUG] [2021-02-01 20:08:04,359 +0900[ - Attempting to parse bower.json files
[DEBUG] [2021-02-01 20:08:04,369 +0900[ - shasum not found in file /home/forse/hello/node_modules/big-integer/bower.json
[DEBUG] [2021-02-01 20:08:04,370 +0900[ - ignoring /home/forse/hello/node_modules/big-integer/bower.json
[DEBUG] [2021-02-01 20:08:04,371 +0900[ - CommandLineProcess - executeProcessCommand - start execute command 'bower ls --json' in '/home/forse/hello/node_modules/big-integer'
[WARN] [2021-02-01 20:08:04,372 +0900[ - CommandLineProcess - executeProcessCommand - Command 'bower ls --json' run Failed, Exception: Cannot run program "bower" (in directory "/home/forse/hello/node_modules/big-integer"): error=2, 
[WARN] [2021-02-01 20:08:04,372 +0900[ - parseResultsAndCollectDeps - Exception: A JSONObject text must begin with '{' at 1 [character 2 line 1]
[DEBUG] [2021-02-01 20:08:04,372 +0900[ - parseResultsAndCollectDeps - Exception: 
org.json.JSONException: A JSONObject text must begin with '{' at 1 [character 2 line 1]
	at org.json.JSONTokener.syntaxError(JSONTokener.java:451)
	at org.json.JSONObject.<init>(JSONObject.java:196)
	at org.json.JSONObject.<init>(JSONObject.java:320)
	at org.whitesource.agent.dependency.resolver.bower.BowerLsJsonDependencyCollector.parseResultsAndCollectDeps(BowerLsJsonDependencyCollector.java:170)
	at org.whitesource.agent.dependency.resolver.npm.NpmLsJsonDependencyCollector.collectDependencies(NpmLsJsonDependencyCollector.java:135)
	at org.whitesource.agent.dependency.resolver.npm.NpmLsJsonDependencyCollector.collectDependencies(NpmLsJsonDependencyCollector.java:118)
	at org.whitesource.agent.dependency.resolver.npm.NpmDependencyResolver.resolveNpmDependencies(NpmDependencyResolver.java:1081)
	at org.whitesource.agent.dependency.resolver.npm.NpmDependencyResolver.resolveDependencies(NpmDependencyResolver.java:475)
	at org.whitesource.agent.dependency.resolver.DependencyResolutionService.resolveDependenciesOfResolver(DependencyResolutionService.java:377)
	at org.whitesource.agent.dependency.resolver.DependencyResolutionService.resolveDependencies(DependencyResolutionService.java:202)
	at org.whitesource.agent.FileSystemScanner.createProjects(FileSystemScanner.java:413)
	at org.whitesource.fs.scanOrigins.GeneralScanOrigin.getProjects(GeneralScanOrigin.java:196)
	at org.whitesource.fs.scanOrigins.GeneralScanOrigin.scan(GeneralScanOrigin.java:101)
	at org.whitesource.fs.scanOrigins.ScanOrigin.runOriginScan(ScanOrigin.java:36)
	at org.whitesource.fs.FileSystemAgent.createProjects(FileSystemAgent.java:165)
	at org.whitesource.fs.Main.scanAndSend(Main.java:152)
	at org.whitesource.fs.Main.main(Main.java:96)
[DEBUG] [2021-02-01 20:08:04,373 +0900[ - 'bower ls' output is empty
[DEBUG] [2021-02-01 20:08:04,373 +0900[ - bower ls --json succeeded
[DEBUG] [2021-02-01 20:08:04,373 +0900[ - Creating excludes for .js files upon finding NPM dependencies
[INFO] [2021-02-01 20:08:04,375 +0900[ - Trying to resolve NPM dependencies
[DEBUG] [2021-02-01 20:08:04,376 +0900[ - CommandLineProcess - executeProcessCommand - start execute command 'npm -v' in '.'
[DEBUG] [2021-02-01 20:08:04,380 +0900[ - CommandLineProcess - executeProcessCommand - timeout set to 60s
[DEBUG] [2021-02-01 20:08:04,616 +0900[ - Command result output lines for 'npm -v':
[DEBUG] [2021-02-01 20:08:04,616 +0900[ - Read line #1: 6.14.4
[DEBUG] [2021-02-01 20:08:04,617 +0900[ - NPM installation status: true
[DEBUG] [2021-02-01 20:08:04,617 +0900[ - The command was run under /home/forse/hello/.
[INFO] [2021-02-01 20:08:04,617 +0900[ - topFolder = /home/forse/hello
[DEBUG] [2021-02-01 20:08:04,617 +0900[ - topFolder = /home/forse/hello
[DEBUG] [2021-02-01 20:08:04,622 +0900[ - resolveLockFile flag was true, but the package-lock.json file at /home/forse/hello/plugins/cordova-plugin-whitelist wasn't found. scanning the package.json file with the use of the node_modules directory
[DEBUG] [2021-02-01 20:08:04,622 +0900[ - In order to generate the package-lock.json file and for better results, please run pre-step or run 'npm install' manually
[DEBUG] [2021-02-01 20:08:04,624 +0900[ - Could not find "node_modules" folder.
[DEBUG] [2021-02-01 20:08:04,624 +0900[ - resolveLockFile flag was true, but the package-lock.json file at /home/forse/hello/plugins/cordova-plugin-camera/tests wasn't found. scanning the package.json file with the use of the node_modules directory
[DEBUG] [2021-02-01 20:08:04,624 +0900[ - In order to generate the package-lock.json file and for better results, please run pre-step or run 'npm install' manually
[DEBUG] [2021-02-01 20:08:04,624 +0900[ - shasum not found in file /home/forse/hello/plugins/cordova-plugin-camera/tests/package.json
[DEBUG] [2021-02-01 20:08:04,624 +0900[ - Could not find "node_modules" folder.
[DEBUG] [2021-02-01 20:08:04,624 +0900[ - parsing the package-lock.json file, found at /home/forse/hello
[DEBUG] [2021-02-01 20:08:04,625 +0900[ - shasum not found in file /home/forse/hello/package.json
[DEBUG] [2021-02-01 20:08:04,664 +0900[ - resolveLockFile flag was true, but the package-lock.json file at /home/forse/hello/plugins/cordova-plugin-camera/tests/ios wasn't found. scanning the package.json file with the use of the node_modules directory
[DEBUG] [2021-02-01 20:08:04,664 +0900[ - In order to generate the package-lock.json file and for better results, please run pre-step or run 'npm install' manually
[DEBUG] [2021-02-01 20:08:04,665 +0900[ - shasum not found in file /home/forse/hello/plugins/cordova-plugin-camera/tests/ios/package.json
[DEBUG] [2021-02-01 20:08:04,665 +0900[ - Could not find "node_modules" folder.
[DEBUG] [2021-02-01 20:08:04,665 +0900[ - resolveLockFile flag was true, but the package-lock.json file at /home/forse/hello/plugins/cordova-plugin-camera wasn't found. scanning the package.json file with the use of the node_modules directory
[DEBUG] [2021-02-01 20:08:04,665 +0900[ - In order to generate the package-lock.json file and for better results, please run pre-step or run 'npm install' manually
[DEBUG] [2021-02-01 20:08:04,665 +0900[ - Could not find "node_modules" folder.
[DEBUG] [2021-02-01 20:08:04,665 +0900[ - resolveLockFile flag was true, but the package-lock.json file at /home/forse/hello/plugins/cordova-plugin-whitelist/tests wasn't found. scanning the package.json file with the use of the node_modules directory
[DEBUG] [2021-02-01 20:08:04,665 +0900[ - In order to generate the package-lock.json file and for better results, please run pre-step or run 'npm install' manually
[DEBUG] [2021-02-01 20:08:04,665 +0900[ - shasum not found in file /home/forse/hello/plugins/cordova-plugin-whitelist/tests/package.json
[DEBUG] [2021-02-01 20:08:04,665 +0900[ - Could not find "node_modules" folder.
[DEBUG] [2021-02-01 20:08:04,665 +0900[ - Creating excludes for .js files upon finding NPM dependencies
[INFO] [2021-02-01 20:08:04,665 +0900[ - Trying to resolve GRADLE dependencies
[DEBUG] [2021-02-01 20:08:04,666 +0900[ - CommandLineProcess - executeProcessCommand - start execute command 'gradle -v' in '.'
[WARN] [2021-02-01 20:08:04,680 +0900[ - CommandLineProcess - executeProcessCommand - Command 'gradle -v' run Failed, Exception: Cannot run program "gradle" (in directory "."): error=2, 
[DEBUG] [2021-02-01 20:08:04,680 +0900[ - GRADLE installation status: false
[DEBUG] [2021-02-01 20:08:04,680 +0900[ - The command was run under /home/forse/hello/.
[INFO] [2021-02-01 20:08:04,680 +0900[ - topFolder = /home/forse/hello/platforms/android
[DEBUG] [2021-02-01 20:08:04,680 +0900[ - topFolder = /home/forse/hello/platforms/android
[DEBUG] [2021-02-01 20:08:04,680 +0900[ - gradleAggregateModules=false
[WARN] [2021-02-01 20:08:04,680 +0900[ - gradle.localRepositoryPath is not set, gradle will not be able to search dependencies in it's local repositories
[DEBUG] [2021-02-01 20:08:04,681 +0900[ - CommandLineProcess - executeProcessCommand - start execute command 'gradle projects --info' in '/home/forse/hello/platforms/android'
[WARN] [2021-02-01 20:08:04,681 +0900[ - CommandLineProcess - executeProcessCommand - Command 'gradle projects --info' run Failed, Exception: Cannot run program "gradle" (in directory "/home/forse/hello/platforms/android"): error=2, 
[DEBUG] [2021-02-01 20:08:04,683 +0900[ - CommandLineProcess - executeProcessCommand - start execute command '/home/forse/hello/platforms/android/./gradlew projects --info' in '/home/forse/hello/platforms/android'
[WARN] [2021-02-01 20:08:04,685 +0900[ - CommandLineProcess - executeProcessCommand - Command '/home/forse/hello/platforms/android/./gradlew projects --info' run Failed, Exception: Cannot run program "/home/forse/hello/platforms/android/./gradlew" (in directory "/home/forse/hello/platforms/android"): error=2, 
[INFO] [2021-02-01 20:08:04,685 +0900[ - Handling Includes and Excludes gradle modules
[WARN] [2021-02-01 20:08:04,685 +0900[ - Command "gradle projects" did not return a list of projects, The UA will assume this is not a Multi Module project; The UA will resolve dependencies by running gradle dependencies
[DEBUG] [2021-02-01 20:08:04,685 +0900[ - CommandLineProcess - executeProcessCommand - start execute command 'gradle dependencies' in '/home/forse/hello/platforms/android/app'
[WARN] [2021-02-01 20:08:04,688 +0900[ - CommandLineProcess - executeProcessCommand - Command 'gradle dependencies' run Failed, Exception: Cannot run program "gradle" (in directory "/home/forse/hello/platforms/android/app"): error=2, 
[DEBUG] [2021-02-01 20:08:04,688 +0900[ - CommandLineProcess - executeProcessCommand - start execute command '/home/forse/hello/platforms/android/./gradlew dependencies' in '/home/forse/hello/platforms/android/app'
[WARN] [2021-02-01 20:08:04,688 +0900[ - CommandLineProcess - executeProcessCommand - Command '/home/forse/hello/platforms/android/./gradlew dependencies' run Failed, Exception: Cannot run program "/home/forse/hello/platforms/android/./gradlew" (in directory "/home/forse/hello/platforms/android/app"): error=2, 
[WARN] [2021-02-01 20:08:04,688 +0900[ - gradle.resolveDependencies = true but, [/home/forse/hello/platforms/android/./gradlew  dependencies] command failed to retrieve tree of dependencies
[DEBUG] [2021-02-01 20:08:04,688 +0900[ - CommandLineProcess - executeProcessCommand - start execute command 'gradle dependencies' in '/home/forse/hello/platforms/android/cordova/lib'
[WARN] [2021-02-01 20:08:04,689 +0900[ - CommandLineProcess - executeProcessCommand - Command 'gradle dependencies' run Failed, Exception: Cannot run program "gradle" (in directory "/home/forse/hello/platforms/android/cordova/lib"): error=2, 
[DEBUG] [2021-02-01 20:08:04,689 +0900[ - CommandLineProcess - executeProcessCommand - start execute command '/home/forse/hello/platforms/android/./gradlew dependencies' in '/home/forse/hello/platforms/android/cordova/lib'
[WARN] [2021-02-01 20:08:04,690 +0900[ - CommandLineProcess - executeProcessCommand - Command '/home/forse/hello/platforms/android/./gradlew dependencies' run Failed, Exception: Cannot run program "/home/forse/hello/platforms/android/./gradlew" (in directory "/home/forse/hello/platforms/android/cordova/lib"): error=2, 
[WARN] [2021-02-01 20:08:04,690 +0900[ - gradle.resolveDependencies = true but, [/home/forse/hello/platforms/android/./gradlew  dependencies] command failed to retrieve tree of dependencies
[DEBUG] [2021-02-01 20:08:04,690 +0900[ - CommandLineProcess - executeProcessCommand - start execute command 'gradle dependencies' in '/home/forse/hello/platforms/android/CordovaLib'
[WARN] [2021-02-01 20:08:04,690 +0900[ - CommandLineProcess - executeProcessCommand - Command 'gradle dependencies' run Failed, Exception: Cannot run program "gradle" (in directory "/home/forse/hello/platforms/android/CordovaLib"): error=2, 
[DEBUG] [2021-02-01 20:08:04,690 +0900[ - CommandLineProcess - executeProcessCommand - start execute command '/home/forse/hello/platforms/android/./gradlew dependencies' in '/home/forse/hello/platforms/android/CordovaLib'
[WARN] [2021-02-01 20:08:04,691 +0900[ - CommandLineProcess - executeProcessCommand - Command '/home/forse/hello/platforms/android/./gradlew dependencies' run Failed, Exception: Cannot run program "/home/forse/hello/platforms/android/./gradlew" (in directory "/home/forse/hello/platforms/android/CordovaLib"): error=2, 
[WARN] [2021-02-01 20:08:04,691 +0900[ - gradle.resolveDependencies = true but, [/home/forse/hello/platforms/android/./gradlew  dependencies] command failed to retrieve tree of dependencies
[DEBUG] [2021-02-01 20:08:04,691 +0900[ - CommandLineProcess - executeProcessCommand - start execute command 'gradle dependencies' in '/home/forse/hello/platforms/android'
[WARN] [2021-02-01 20:08:04,691 +0900[ - CommandLineProcess - executeProcessCommand - Command 'gradle dependencies' run Failed, Exception: Cannot run program "gradle" (in directory "/home/forse/hello/platforms/android"): error=2, 
[DEBUG] [2021-02-01 20:08:04,691 +0900[ - CommandLineProcess - executeProcessCommand - start execute command '/home/forse/hello/platforms/android/./gradlew dependencies' in '/home/forse/hello/platforms/android'
[WARN] [2021-02-01 20:08:04,692 +0900[ - CommandLineProcess - executeProcessCommand - Command '/home/forse/hello/platforms/android/./gradlew dependencies' run Failed, Exception: Cannot run program "/home/forse/hello/platforms/android/./gradlew" (in directory "/home/forse/hello/platforms/android"): error=2, 
[WARN] [2021-02-01 20:08:04,692 +0900[ - gradle.resolveDependencies = true but, [/home/forse/hello/platforms/android/./gradlew  dependencies] command failed to retrieve tree of dependencies
[DEBUG] [2021-02-01 20:08:04,692 +0900[ - total projects = 0
[INFO] [2021-02-01 20:08:04,692 +0900[ - topFolder = /home/forse/hello/node_modules/cordova-android/bin/templates/project
[DEBUG] [2021-02-01 20:08:04,692 +0900[ - topFolder = /home/forse/hello/node_modules/cordova-android/bin/templates/project
[DEBUG] [2021-02-01 20:08:04,692 +0900[ - gradleAggregateModules=false
[WARN] [2021-02-01 20:08:04,692 +0900[ - gradle.localRepositoryPath is not set, gradle will not be able to search dependencies in it's local repositories
[DEBUG] [2021-02-01 20:08:04,692 +0900[ - CommandLineProcess - executeProcessCommand - start execute command 'gradle projects --info' in '/home/forse/hello/node_modules/cordova-android/bin/templates/project'
[WARN] [2021-02-01 20:08:04,693 +0900[ - CommandLineProcess - executeProcessCommand - Command 'gradle projects --info' run Failed, Exception: Cannot run program "gradle" (in directory "/home/forse/hello/node_modules/cordova-android/bin/templates/project"): error=2, 
[DEBUG] [2021-02-01 20:08:04,693 +0900[ - CommandLineProcess - executeProcessCommand - start execute command '/home/forse/hello/node_modules/cordova-android/bin/templates/project/./gradlew projects --info' in '/home/forse/hello/node_modules/cordova-android/bin/templates/project'
[WARN] [2021-02-01 20:08:04,694 +0900[ - CommandLineProcess - executeProcessCommand - Command '/home/forse/hello/node_modules/cordova-android/bin/templates/project/./gradlew projects --info' run Failed, Exception: Cannot run program "/home/forse/hello/node_modules/cordova-android/bin/templates/project/./gradlew" (in directory "/home/forse/hello/node_modules/cordova-android/bin/templates/project"): error=2, 
[INFO] [2021-02-01 20:08:04,694 +0900[ - Handling Includes and Excludes gradle modules
[WARN] [2021-02-01 20:08:04,694 +0900[ - Command "gradle projects" did not return a list of projects, The UA will assume this is not a Multi Module project; The UA will resolve dependencies by running gradle dependencies
[DEBUG] [2021-02-01 20:08:04,694 +0900[ - CommandLineProcess - executeProcessCommand - start execute command 'gradle dependencies' in '/home/forse/hello/node_modules/cordova-android/bin/templates/project'
[WARN] [2021-02-01 20:08:04,698 +0900[ - CommandLineProcess - executeProcessCommand - Command 'gradle dependencies' run Failed, Exception: Cannot run program "gradle" (in directory "/home/forse/hello/node_modules/cordova-android/bin/templates/project"): error=2, 
[DEBUG] [2021-02-01 20:08:04,698 +0900[ - CommandLineProcess - executeProcessCommand - start execute command '/home/forse/hello/node_modules/cordova-android/bin/templates/project/./gradlew dependencies' in '/home/forse/hello/node_modules/cordova-android/bin/templates/project'
[WARN] [2021-02-01 20:08:04,699 +0900[ - CommandLineProcess - executeProcessCommand - Command '/home/forse/hello/node_modules/cordova-android/bin/templates/project/./gradlew dependencies' run Failed, Exception: Cannot run program "/home/forse/hello/node_modules/cordova-android/bin/templates/project/./gradlew" (in directory "/home/forse/hello/node_modules/cordova-android/bin/templates/project"): error=2, 
[WARN] [2021-02-01 20:08:04,699 +0900[ - gradle.resolveDependencies = true but, [/home/forse/hello/node_modules/cordova-android/bin/templates/project/./gradlew  dependencies] command failed to retrieve tree of dependencies
[DEBUG] [2021-02-01 20:08:04,699 +0900[ - CommandLineProcess - executeProcessCommand - start execute command 'gradle dependencies' in '/home/forse/hello/node_modules/cordova-android/bin/templates/project/app'
[WARN] [2021-02-01 20:08:04,701 +0900[ - CommandLineProcess - executeProcessCommand - Command 'gradle dependencies' run Failed, Exception: Cannot run program "gradle" (in directory "/home/forse/hello/node_modules/cordova-android/bin/templates/project/app"): error=2, 
[DEBUG] [2021-02-01 20:08:04,701 +0900[ - CommandLineProcess - executeProcessCommand - start execute command '/home/forse/hello/node_modules/cordova-android/bin/templates/project/./gradlew dependencies' in '/home/forse/hello/node_modules/cordova-android/bin/templates/project/app'
[WARN] [2021-02-01 20:08:04,702 +0900[ - CommandLineProcess - executeProcessCommand - Command '/home/forse/hello/node_modules/cordova-android/bin/templates/project/./gradlew dependencies' run Failed, Exception: Cannot run program "/home/forse/hello/node_modules/cordova-android/bin/templates/project/./gradlew" (in directory "/home/forse/hello/node_modules/cordova-android/bin/templates/project/app"): error=2, 
[WARN] [2021-02-01 20:08:04,703 +0900[ - gradle.resolveDependencies = true but, [/home/forse/hello/node_modules/cordova-android/bin/templates/project/./gradlew  dependencies] command failed to retrieve tree of dependencies
[DEBUG] [2021-02-01 20:08:04,703 +0900[ - total projects = 0
[INFO] [2021-02-01 20:08:04,703 +0900[ - topFolder = /home/forse/hello/node_modules/cordova-android/bin/templates/cordova/lib
[DEBUG] [2021-02-01 20:08:04,703 +0900[ - topFolder = /home/forse/hello/node_modules/cordova-android/bin/templates/cordova/lib
[DEBUG] [2021-02-01 20:08:04,703 +0900[ - gradleAggregateModules=false
[WARN] [2021-02-01 20:08:04,703 +0900[ - gradle.localRepositoryPath is not set, gradle will not be able to search dependencies in it's local repositories
[DEBUG] [2021-02-01 20:08:04,703 +0900[ - CommandLineProcess - executeProcessCommand - start execute command 'gradle projects --info' in '/home/forse/hello/node_modules/cordova-android/bin/templates/cordova/lib'
[WARN] [2021-02-01 20:08:04,704 +0900[ - CommandLineProcess - executeProcessCommand - Command 'gradle projects --info' run Failed, Exception: Cannot run program "gradle" (in directory "/home/forse/hello/node_modules/cordova-android/bin/templates/cordova/lib"): error=2, 
[DEBUG] [2021-02-01 20:08:04,704 +0900[ - CommandLineProcess - executeProcessCommand - start execute command '/home/forse/hello/node_modules/cordova-android/bin/templates/cordova/lib/./gradlew projects --info' in '/home/forse/hello/node_modules/cordova-android/bin/templates/cordova/lib'
[WARN] [2021-02-01 20:08:04,705 +0900[ - CommandLineProcess - executeProcessCommand - Command '/home/forse/hello/node_modules/cordova-android/bin/templates/cordova/lib/./gradlew projects --info' run Failed, Exception: Cannot run program "/home/forse/hello/node_modules/cordova-android/bin/templates/cordova/lib/./gradlew" (in directory "/home/forse/hello/node_modules/cordova-android/bin/templates/cordova/lib"): error=2, 
[INFO] [2021-02-01 20:08:04,705 +0900[ - Handling Includes and Excludes gradle modules
[WARN] [2021-02-01 20:08:04,705 +0900[ - Command "gradle projects" did not return a list of projects, The UA will assume this is not a Multi Module project; The UA will resolve dependencies by running gradle dependencies
[DEBUG] [2021-02-01 20:08:04,706 +0900[ - CommandLineProcess - executeProcessCommand - start execute command 'gradle dependencies' in '/home/forse/hello/node_modules/cordova-android/bin/templates/cordova/lib'
[WARN] [2021-02-01 20:08:04,718 +0900[ - CommandLineProcess - executeProcessCommand - Command 'gradle dependencies' run Failed, Exception: Cannot run program "gradle" (in directory "/home/forse/hello/node_modules/cordova-android/bin/templates/cordova/lib"): error=2, 
[DEBUG] [2021-02-01 20:08:04,718 +0900[ - CommandLineProcess - executeProcessCommand - start execute command '/home/forse/hello/node_modules/cordova-android/bin/templates/cordova/lib/./gradlew dependencies' in '/home/forse/hello/node_modules/cordova-android/bin/templates/cordova/lib'
[WARN] [2021-02-01 20:08:04,719 +0900[ - CommandLineProcess - executeProcessCommand - Command '/home/forse/hello/node_modules/cordova-android/bin/templates/cordova/lib/./gradlew dependencies' run Failed, Exception: Cannot run program "/home/forse/hello/node_modules/cordova-android/bin/templates/cordova/lib/./gradlew" (in directory "/home/forse/hello/node_modules/cordova-android/bin/templates/cordova/lib"): error=2, 
[WARN] [2021-02-01 20:08:04,719 +0900[ - gradle.resolveDependencies = true but, [/home/forse/hello/node_modules/cordova-android/bin/templates/cordova/lib/./gradlew  dependencies] command failed to retrieve tree of dependencies
[DEBUG] [2021-02-01 20:08:04,719 +0900[ - total projects = 0
[INFO] [2021-02-01 20:08:04,719 +0900[ - topFolder = /home/forse/hello/node_modules/cordova-android/framework
[DEBUG] [2021-02-01 20:08:04,719 +0900[ - topFolder = /home/forse/hello/node_modules/cordova-android/framework
[DEBUG] [2021-02-01 20:08:04,719 +0900[ - gradleAggregateModules=false
[WARN] [2021-02-01 20:08:04,719 +0900[ - gradle.localRepositoryPath is not set, gradle will not be able to search dependencies in it's local repositories
[DEBUG] [2021-02-01 20:08:04,719 +0900[ - CommandLineProcess - executeProcessCommand - start execute command 'gradle projects --info' in '/home/forse/hello/node_modules/cordova-android/framework'
[WARN] [2021-02-01 20:08:04,721 +0900[ - CommandLineProcess - executeProcessCommand - Command 'gradle projects --info' run Failed, Exception: Cannot run program "gradle" (in directory "/home/forse/hello/node_modules/cordova-android/framework"): error=2, 
[DEBUG] [2021-02-01 20:08:04,721 +0900[ - CommandLineProcess - executeProcessCommand - start execute command '/home/forse/hello/node_modules/cordova-android/framework/./gradlew projects --info' in '/home/forse/hello/node_modules/cordova-android/framework'
[WARN] [2021-02-01 20:08:04,721 +0900[ - CommandLineProcess - executeProcessCommand - Command '/home/forse/hello/node_modules/cordova-android/framework/./gradlew projects --info' run Failed, Exception: Cannot run program "/home/forse/hello/node_modules/cordova-android/framework/./gradlew" (in directory "/home/forse/hello/node_modules/cordova-android/framework"): error=2, 
[INFO] [2021-02-01 20:08:04,722 +0900[ - Handling Includes and Excludes gradle modules
[WARN] [2021-02-01 20:08:04,722 +0900[ - Command "gradle projects" did not return a list of projects, The UA will assume this is not a Multi Module project; The UA will resolve dependencies by running gradle dependencies
[DEBUG] [2021-02-01 20:08:04,722 +0900[ - CommandLineProcess - executeProcessCommand - start execute command 'gradle dependencies' in '/home/forse/hello/node_modules/cordova-android/framework'
[WARN] [2021-02-01 20:08:04,725 +0900[ - CommandLineProcess - executeProcessCommand - Command 'gradle dependencies' run Failed, Exception: Cannot run program "gradle" (in directory "/home/forse/hello/node_modules/cordova-android/framework"): error=2, 
[DEBUG] [2021-02-01 20:08:04,725 +0900[ - CommandLineProcess - executeProcessCommand - start execute command '/home/forse/hello/node_modules/cordova-android/framework/./gradlew dependencies' in '/home/forse/hello/node_modules/cordova-android/framework'
[WARN] [2021-02-01 20:08:04,726 +0900[ - CommandLineProcess - executeProcessCommand - Command '/home/forse/hello/node_modules/cordova-android/framework/./gradlew dependencies' run Failed, Exception: Cannot run program "/home/forse/hello/node_modules/cordova-android/framework/./gradlew" (in directory "/home/forse/hello/node_modules/cordova-android/framework"): error=2, 
[WARN] [2021-02-01 20:08:04,726 +0900[ - gradle.resolveDependencies = true but, [/home/forse/hello/node_modules/cordova-android/framework/./gradlew  dependencies] command failed to retrieve tree of dependencies
[DEBUG] [2021-02-01 20:08:04,726 +0900[ - total projects = 0
[DEBUG] [2021-02-01 20:08:04,727 +0900[ - Dependency file found location: /home/forse/hello/www/index.html
[DEBUG] [2021-02-01 20:08:04,727 +0900[ - Dependency file found location: /home/forse/hello/platforms/android/app/src/main/assets/www/index.html
[DEBUG] [2021-02-01 20:08:04,758 +0900[ - Dependency file found location: /home/forse/hello/node_modules/sax/LICENSE-W3C.html
[DEBUG] [2021-02-01 20:08:04,790 +0900[ - Dependency file found location: /home/forse/hello/node_modules/plist/examples/browser/index.html
[DEBUG] [2021-02-01 20:08:04,791 +0900[ - Dependency file found location: /home/forse/hello/node_modules/cordova-android/bin/templates/project/assets/www/index.html
[DEBUG] [2021-02-01 20:08:04,809 +0900[ - found folders:

[DEBUG] [2021-02-01 20:08:04,809 +0900[ - /home/forse/hello
[DEBUG] [2021-02-01 20:08:04,809 +0900[ - /home/forse/hello/node_modules/plist/examples
[DEBUG] [2021-02-01 20:08:04,809 +0900[ - /home/forse/hello/node_modules/cordova-android/bin/templates/project/assets
[DEBUG] [2021-02-01 20:08:04,809 +0900[ - /home/forse/hello/platforms/android/app/src/main/assets
[DEBUG] [2021-02-01 20:08:04,809 +0900[ - /home/forse/hello/node_modules
[DEBUG] [2021-02-01 20:08:04,809 +0900[ - 

[DEBUG] [2021-02-01 20:08:04,809 +0900[ - /home/forse/hello/node_modules/plist/examples;/home/forse/hello/www;false
[DEBUG] [2021-02-01 20:08:04,809 +0900[ - /home/forse/hello/node_modules/cordova-android/bin/templates/project/assets;/home/forse/hello/www;false
[DEBUG] [2021-02-01 20:08:04,809 +0900[ - /home/forse/hello/platforms/android/app/src/main/assets;/home/forse/hello/www;false
[DEBUG] [2021-02-01 20:08:04,809 +0900[ - /home/forse/hello/node_modules;/home/forse/hello/www;false
[DEBUG] [2021-02-01 20:08:04,809 +0900[ - /home/forse/hello/node_modules/plist/examples;/home/forse/hello/node_modules/sax;false
[DEBUG] [2021-02-01 20:08:04,809 +0900[ - /home/forse/hello/node_modules/cordova-android/bin/templates/project/assets;/home/forse/hello/node_modules/sax;false
[DEBUG] [2021-02-01 20:08:04,809 +0900[ - /home/forse/hello/platforms/android/app/src/main/assets;/home/forse/hello/node_modules/sax;false
[DEBUG] [2021-02-01 20:08:04,809 +0900[ - /home/forse/hello/node_modules/cordova-android/bin/templates/project/assets;/home/forse/hello/node_modules/plist/examples/browser;false
[DEBUG] [2021-02-01 20:08:04,809 +0900[ - /home/forse/hello/platforms/android/app/src/main/assets;/home/forse/hello/node_modules/plist/examples/browser;false
[DEBUG] [2021-02-01 20:08:04,809 +0900[ - /home/forse/hello/node_modules/cordova-android/bin/templates/project/assets;/home/forse/hello/platforms/android/app/src/main/assets/www;false
[DEBUG] [2021-02-01 20:08:04,809 +0900[ - 

[INFO] [2021-02-01 20:08:04,809 +0900[ - Trying to resolve HTML dependencies
[DEBUG] [2021-02-01 20:08:04,809 +0900[ - HTML installation status: true
[DEBUG] [2021-02-01 20:08:04,809 +0900[ - The command was run under /home/forse/hello/.
[DEBUG] [2021-02-01 20:08:04,809 +0900[ - topFolder = /home/forse/hello/node_modules/sax
[DEBUG] [2021-02-01 20:08:04,810 +0900[ - HTML Resolver - resolveDependencies - HTML file: /home/forse/hello/node_modules/sax/LICENSE-W3C.html
[DEBUG] [2021-02-01 20:08:04,892 +0900[ - topFolder = /home/forse/hello/www
[DEBUG] [2021-02-01 20:08:04,892 +0900[ - HTML Resolver - resolveDependencies - HTML file: /home/forse/hello/www/index.html
[DEBUG] [2021-02-01 20:08:04,893 +0900[ - HTML Resolver - collectLocalJsFile - START - script: cordova.js
[DEBUG] [2021-02-01 20:08:04,893 +0900[ - HTML Resolver - collectLocalJsFile - END - status: false
[DEBUG] [2021-02-01 20:08:04,893 +0900[ - HTML Resolver - collectLocalJsFile - START - script: js/index.js
[DEBUG] [2021-02-01 20:08:04,893 +0900[ - HTML Resolver - collectLocalJsFile - found local file: /home/forse/hello/www/js/index.js
[DEBUG] [2021-02-01 20:08:04,975 +0900[ - Ignoring file with size 218 bytes: minimum file size is 512B
[DEBUG] [2021-02-01 20:08:04,981 +0900[ - HTML Resolver - collectLocalJsFile - END - status: true
[DEBUG] [2021-02-01 20:08:04,982 +0900[ - topFolder = /home/forse/hello/node_modules/cordova-android/bin/templates/project/assets/www
[DEBUG] [2021-02-01 20:08:04,982 +0900[ - HTML Resolver - resolveDependencies - HTML file: /home/forse/hello/node_modules/cordova-android/bin/templates/project/assets/www/index.html
[DEBUG] [2021-02-01 20:08:04,982 +0900[ - HTML Resolver - collectLocalJsFile - START - script: cordova.js
[DEBUG] [2021-02-01 20:08:04,982 +0900[ - HTML Resolver - collectLocalJsFile - found local file: /home/forse/hello/node_modules/cordova-android/bin/templates/project/assets/www/cordova.js
[DEBUG] [2021-02-01 20:08:05,138 +0900[ - HTML Resolver - collectLocalJsFile - END - status: true
[DEBUG] [2021-02-01 20:08:05,138 +0900[ - HTML Resolver - collectLocalJsFile - START - script: js/index.js
[DEBUG] [2021-02-01 20:08:05,138 +0900[ - HTML Resolver - collectLocalJsFile - found local file: /home/forse/hello/node_modules/cordova-android/bin/templates/project/assets/www/js/index.js
[DEBUG] [2021-02-01 20:08:05,140 +0900[ - HTML Resolver - collectLocalJsFile - END - status: true
[DEBUG] [2021-02-01 20:08:05,140 +0900[ - topFolder = /home/forse/hello/node_modules/plist/examples/browser
[DEBUG] [2021-02-01 20:08:05,140 +0900[ - HTML Resolver - resolveDependencies - HTML file: /home/forse/hello/node_modules/plist/examples/browser/index.html
[DEBUG] [2021-02-01 20:08:05,141 +0900[ - HTML Resolver - collectLocalJsFile - START - script: ../../dist/plist.js
[DEBUG] [2021-02-01 20:08:05,141 +0900[ - HTML Resolver - collectLocalJsFile - found local file: /home/forse/hello/node_modules/plist/examples/browser/../../dist/plist.js
[DEBUG] [2021-02-01 20:08:05,338 +0900[ - HTML Resolver - collectLocalJsFile - END - status: true
[DEBUG] [2021-02-01 20:08:05,338 +0900[ - topFolder = /home/forse/hello/platforms/android/app/src/main/assets/www
[DEBUG] [2021-02-01 20:08:05,338 +0900[ - HTML Resolver - resolveDependencies - HTML file: /home/forse/hello/platforms/android/app/src/main/assets/www/index.html
[DEBUG] [2021-02-01 20:08:05,339 +0900[ - HTML Resolver - collectLocalJsFile - START - script: cordova.js
[DEBUG] [2021-02-01 20:08:05,339 +0900[ - HTML Resolver - collectLocalJsFile - found local file: /home/forse/hello/platforms/android/app/src/main/assets/www/cordova.js
[DEBUG] [2021-02-01 20:08:05,367 +0900[ - HTML Resolver - collectLocalJsFile - END - status: true
[DEBUG] [2021-02-01 20:08:05,367 +0900[ - HTML Resolver - collectLocalJsFile - START - script: js/index.js
[DEBUG] [2021-02-01 20:08:05,367 +0900[ - HTML Resolver - collectLocalJsFile - found local file: /home/forse/hello/platforms/android/app/src/main/assets/www/js/index.js
[DEBUG] [2021-02-01 20:08:05,367 +0900[ - Ignoring file with size 218 bytes: minimum file size is 512B
[DEBUG] [2021-02-01 20:08:05,382 +0900[ - HTML Resolver - collectLocalJsFile - END - status: true
[INFO] [2021-02-01 20:08:05,383 +0900[ - 
------------------------------------------------------------------------
-------------------- End: Pre-Step And Resolve Dependencies ------------
------------------------------------------------------------------------
[DEBUG] [2021-02-01 20:08:05,384 +0900[ - total resolved projects =1
[DEBUG] [2021-02-01 20:08:05,384 +0900[ - total resolved projects =1
[DEBUG] [2021-02-01 20:08:05,384 +0900[ - total resolved projects =0
[DEBUG] [2021-02-01 20:08:05,384 +0900[ - total resolved projects =0
[DEBUG] [2021-02-01 20:08:05,384 +0900[ - total resolved projects =0
[DEBUG] [2021-02-01 20:08:05,384 +0900[ - total resolved projects =0
[DEBUG] [2021-02-01 20:08:05,384 +0900[ - total resolved projects =1
[DEBUG] [2021-02-01 20:08:05,384 +0900[ - total resolved projects =1
[DEBUG] [2021-02-01 20:08:05,384 +0900[ - total resolved projects =1
[DEBUG] [2021-02-01 20:08:05,384 +0900[ - total resolved projects =1
[DEBUG] [2021-02-01 20:08:05,384 +0900[ - total resolved projects =1
[INFO] [2021-02-01 20:08:05,385 +0900[ - Scanning directories [/home/forse/hello] for matching source/binary file types (may take a few minutes)
[DEBUG] [2021-02-01 20:08:05,385 +0900[ - Scanning /home/forse/hello
[DEBUG] [2021-02-01 20:08:05,483 +0900[ - Dependency file found location: /home/forse/hello/node_modules/cordova-plugin-camera/src/ios/CDVCamera.h
[DEBUG] [2021-02-01 20:08:05,483 +0900[ - Dependency file found location: /home/forse/hello/node_modules/cordova-plugin-camera/src/ios/CDVExif.h
[DEBUG] [2021-02-01 20:08:05,483 +0900[ - Dependency file found location: /home/forse/hello/node_modules/cordova-plugin-camera/src/ios/CDVJpegHeaderWriter.h
[DEBUG] [2021-02-01 20:08:05,483 +0900[ - Dependency file found location: /home/forse/hello/node_modules/cordova-plugin-camera/src/ios/UIImage+CropScaleOrientation.h
[DEBUG] [2021-02-01 20:08:05,484 +0900[ - Dependency file found location: /home/forse/hello/node_modules/cordova-plugin-camera/src/osx/CDVCamera.h
[DEBUG] [2021-02-01 20:08:05,485 +0900[ - Dependency file found location: /home/forse/hello/plugins/cordova-plugin-camera/src/ios/CDVCamera.h
[DEBUG] [2021-02-01 20:08:05,485 +0900[ - Dependency file found location: /home/forse/hello/plugins/cordova-plugin-camera/src/ios/CDVExif.h
[DEBUG] [2021-02-01 20:08:05,485 +0900[ - Dependency file found location: /home/forse/hello/plugins/cordova-plugin-camera/src/ios/CDVJpegHeaderWriter.h
[DEBUG] [2021-02-01 20:08:05,485 +0900[ - Dependency file found location: /home/forse/hello/plugins/cordova-plugin-camera/src/ios/UIImage+CropScaleOrientation.h
[DEBUG] [2021-02-01 20:08:05,485 +0900[ - Dependency file found location: /home/forse/hello/plugins/cordova-plugin-camera/src/osx/CDVCamera.h
[INFO] [2021-02-01 20:08:05,498 +0900[ - Total files found according to the includes/excludes pattern: 10
[INFO] [2021-02-01 20:08:05,541 +0900[ - 
------------------------------------------------------------------------
-------------------- End: Scan Files Matching Includes Pattern ---------
------------------------------------------------------------------------
[INFO] [2021-02-01 20:08:05,541 +0900[ - Finished analyzing Files
[DEBUG] [2021-02-01 20:08:05,541 +0900[ - Available processors (cores): 	1
Free memory (Mb): 	110
Max memory (Mb): 	199
Total memory (Mb): 	199
Used memory (Mb): 	88

[INFO] [2021-02-01 20:08:05,550 +0900[ - Initializing WhiteSource Client
[DEBUG] [2021-02-01 20:08:05,550 +0900[ - Setting project tags
[INFO] [2021-02-01 20:08:05,551 +0900[ - Service URL is https://app-eu.whitesourcesoftware.com/agent
[INFO] [2021-02-01 20:08:05,587 +0900[ - UpdateType set to OVERRIDE 
[INFO] [2021-02-01 20:08:05,587 +0900[ - Sending Update
[INFO] [2021-02-01 20:08:05,587 +0900[ - 
------------------------------------------------------------------------
-------------------- Start: Update Inventory ---------------------------
------------------------------------------------------------------------
[INFO] [2021-02-01 20:08:10,124 +0900[ - 
------------------------------------------------------------------------
-------------------- End: Update Inventory -----------------------------
------------------------------------------------------------------------
[INFO] [2021-02-01 20:08:10,124 +0900[ - Inventory update results for Forse System
[INFO] [2021-02-01 20:08:10,124 +0900[ - Newly created projects:
[INFO] [2021-02-01 20:08:10,124 +0900[ - # Cordova-2
[INFO] [2021-02-01 20:08:10,124 +0900[ - No projects were updated.
[INFO] [2021-02-01 20:08:10,125 +0900[ - Project name: Cordova-2, URL: https://app-eu.whitesourcesoftware.com/Wss/WSS.html#!project;id=471476
[INFO] [2021-02-01 20:08:10,125 +0900[ - Support Token: 0ac93be2e6d2d407c87ff8f22b4c63bd91612177696755
[DEBUG] [2021-02-01 20:08:10,143 +0900[ - Process finished with exit code SUCCESS (Inventory update results for Forse System
Newly created projects:
Cordova-2
No projects were updated.

Project name: Cordova-2, project URL:https://app-eu.whitesourcesoftware.com/Wss/WSS.html#!project;id=471476
Support Token: 0ac93be2e6d2d407c87ff8f22b4c63bd91612177696755)
[INFO] [2021-02-01 20:08:10,143 +0900[ - Log files are found at: ./whitesource/Mon-Feb-01-2021-20.08.01
[INFO] [2021-02-01 20:08:10,146 +0900[ - 
------------------------------------------------------------------------------------------------------------------------------------------------------
------------------------------------------------------------- WhiteSource Scan Summary: --------------------------------------------------------------
------------------------------------------------------------------------------------------------------------------------------------------------------
======================================================================================================================================================
Scan Origin: Local File System
======================================================================================================================================================
Step                                              Completion Status               Elapsed                  Comments
======================================================================================================================================================
Fetch Configuration                                  COMPLETED                  00:00:00.234               --------
Pre-Step And Resolve Dependencies                    COMPLETED                  00:00:02.064               6 total dependencies (4 unique)
   ANT                                               COMPLETED                  00:00:01.112               0 dependencies
   BOWER                                             COMPLETED                  00:00:00.028               0 dependencies
   NPM                                               COMPLETED                  00:00:00.290               0 dependencies
   GRADLE                                            COMPLETED                  00:00:00.061               0 dependencies
   HTML                                              COMPLETED                  00:00:00.573               6 total dependencies (4 unique)
Scan Files Matching Includes Pattern                 COMPLETED                  00:00:00.529               10 source/binary files
   h                                                 COMPLETED                    --------                 10 source/binary files
Update Inventory                                     COMPLETED                  00:00:04.537               0 updated projects

======================================================================================================================================================
Elapsed running time:                                                           00:00:07.364
======================================================================================================================================================
Process finished with exit code SUCCESS (0)

